Error: There is no bangumi id for けろけろけろっぴの大冒険　ふしぎな豆の木
Error: There is no bangumi id for 無責任艦長タイラー 地上より永遠に
Error: There is no bangumi id for 劇場版 サルゲッチュ 黄金のピポヘル・ウッキーバトル
Error: There is no bangumi id for 焼跡の、お菓子の木
Error: There is no bangumi id for 進め！土管くん
Error: There is no bangumi id for ピカチュウたんけんクラブ
Error: There is no bangumi id for 一期一会 恋バナ友バナ
Error: There is no bangumi id for 土管くん何かの絵描き歌
Error: There is no bangumi id for 教えて！土管くん
Error: There is no bangumi id for 菅井君と家族石 THE MOVIE
Error: There is no bangumi id for 楓ニュータウン
Error: There is no bangumi id for 本まぐろ トロ太郎
Error: There is no bangumi id for 秘密結社 鷹の爪 THE MOVIE ２ ～私を愛した黒烏龍茶～
Error: There is no bangumi id for 秘密結社 鷹の爪 THE MOVIE ３ ～http://鷹の爪.jpは永遠に～
Error: There is no bangumi id for Peeping Life -The Perfect Emotion-
Error: There is no bangumi id for 秘密結社 鷹の爪 THE MOVIE ４ ～カスペルスキーを持つ男～
Error: There is no bangumi id for Peeping Life -The Perfect Evolution-
Error: There is no bangumi id for 鷹の爪GO～美しきエリエール消臭プラス～
Error: There is no bangumi id for 映画 それいけ！アンパンマン リズムでうたおう！アンパンマン夏まつり
Error: There is no bangumi id for インド版 忍者ハットリくん
Error: There is no bangumi id for インド版 忍者ハットリくん
Error: There is no bangumi id for 一人之下 第二季
Error: There is no bangumi id for ダヤンとタマと飛び猫と ～3つの猫の物語～
Error: There is no bangumi id for 大怪獣ゴメラVS仮面ヤイバー
Error: There is no bangumi id for 映画 ふしぎ駄菓子屋 銭天堂　つりたい焼き
Error: There is no bangumi id for パウ・パトロール(シーズン3)
Error: There is no bangumi id for 大家さんと僕(第3シリーズ)
Error: There is no bangumi id for おしりたんてい(第5シリーズ)
Error: There is no bangumi id for レゴ モンキーキッド
Error: There is no bangumi id for 猫ジョッキー
Error: There is no bangumi id for レゴ フレンズ(シーズン2)
Error: There is no bangumi id for よるわまわるよ
Error: There is no bangumi id for それいけ！アンパンマン　ふわふわフワリーと雲の国
Error: There is no bangumi id for 猫ジョッキー(第2期)
Error: There is no bangumi id for パウ・パトロール(シーズン4)
Error: There is no bangumi id for 時光代理人 -LINK CLICK-
Error: There is no bangumi id for ぼくらベビーベアーズ
Error: There is no bangumi id for ざんねんないきもの事典(第4シリーズ)
Error: There is no bangumi id for インド版 忍者ハットリくん
Error: There is no bangumi id for インド版 忍者ハットリくん
Error: There is no bangumi id for キラキラADらっこちゃん
Error: There is no bangumi id for 赤ちゃん本部長(第3シリーズ)
Error: There is no bangumi id for ドラ馬チック脳内
Error: There is no bangumi id for それいけ！アンパンマン ドロリンとバケ〜るカーニバル
Error: There is no bangumi id for パチスロ ボンバーガール 4コマアニメ
Error: There is no bangumi id for がんばれ！長州くん
Error: There is no bangumi id for 女体化した僕を騎士様達がねらってます
Error: There is no bangumi id for アニメ ボス・ベイビー シーズン2
Error: There is no bangumi id for デスゲームマスター出須
Error: There is no bangumi id for セブンボイスミュージアム 名画と7人の巨匠たち
Error: There is no bangumi id for 現代アートを基礎から学べるチャンネル ＴＶ版
Error: There is no bangumi id for 聖闘士星矢:Knights of the Zodiac バトル・サンクチュアリ
Error: There is no bangumi id for おしりたんてい(第7シリーズ)
Error: There is no bangumi id for スマーフ シーズン2
Error: There is no bangumi id for 鷹の爪外伝「秘密厩舎 馬の蹄」
Error: There is no bangumi id for 蒼穹のファフナー THE BEYOND（TV Edition）
Error: There is no bangumi id for フェ～レンザイ -神さまの日常-
Error: There is no bangumi id for トランスフォーマー アーススパーク
Error: There is no bangumi id for おしりたんてい(第8シリーズ)
Error: There is no bangumi id for ハートカクテル カラフル(冬編)
Error: There is no bangumi id for オオクニヌシとスクナビコナ
Error: There is no bangumi id for MOON
Error: There is no bangumi id for パンテオンの鳥
Error: There is no bangumi id for ギャビーのドールハウス
Error: There is no bangumi id for ROLY POLY PEOPLES
Error: There is no bangumi id for おしりたんてい(第8シリーズ)
Error: There is no bangumi id for ARNOLD & PUPPETS
Error: fetch 67738 failed
Error: fetch 67739 failed
Error: fetch 74484 failed
Error: fetch 25469 failed
Error: fetch 102188 failed
Error: fetch 5016 failed
Error: fetch 50598 failed
Error: fetch 50599 failed
Error: fetch 55603 failed
Error: fetch 78071 failed
Error: fetch 4263 failed
Error: fetch 74478 failed
Error: fetch 207567 failed
Error: fetch 215726 failed
Error: fetch 223502 failed
Error: fetch 230517 failed
Error: fetch 237602 failed
Error: fetch 248206 failed
Error: fetch 258081 failed
Error: fetch 268653 failed
Error: fetch 275610 failed
Error: fetch 283272 failed
Error: fetch 288940 failed
Error: fetch 295001 failed
Error: fetch 300865 failed
Error: fetch 306993 failed
Error: fetch 312982 failed
Error: fetch 314312 failed
Error: fetch 316106 failed
Error: fetch 319894 failed
Error: fetch 327986 failed
Error: fetch 332655 failed
Error: fetch 345771 failed
Error: fetch 328356 failed
Error: fetch 339062 failed
Error: fetch 354246 failed
Error: fetch 342673 failed
Error: fetch 395537 failed
Error: fetch 359059 failed
Error: fetch 404643 failed
Error: fetch 451556 failed
Error: fetch 469072 failed
Error: fetch 441586 failed
Error: fetch 475555 failed
Error: fetch 509169 failed
Error: fetch 509169 failed
Error: fetch 456077 failed
Error: fetch 398951 failed
Error: fetch 445903 failed
Error: fetch 474999 failed
Error: fetch 506922 failed
Error: fetch 412144 failed
Error: fetch 469104 failed
Error: fetch 409383 failed
Error: fetch 421874 failed
Error: fetch 422031 failed
Error: fetch 415482 failed
Error: fetch 484623 failed
Error: fetch 419872 failed
Error: fetch 412008 failed
Error: fetch 443106 failed
Error: fetch 470660 failed
Error: fetch 424242 failed
Error: fetch 515595 failed
Error: fetch 463779 failed
Error: fetch 458684 failed
Error: fetch 462459 failed
Error: fetch 426100 failed
Error: fetch 458673 failed
Error: fetch 459601 failed
Error: fetch 443446 failed
Error: fetch 244931 failed
Error: fetch 455617 failed
Error: fetch 472741 failed
Error: fetch 443831 failed
Error: fetch 494044 failed
Error: fetch 515759 failed
Error: fetch 471345 failed
Error: fetch 499474 failed
Error: fetch 471844 failed
Error: fetch 476542 failed
Error: fetch 492199 failed
Error: fetch 498378 failed
Error: fetch 208829 failed
Error: fetch 481530 failed
Error: fetch 510710 failed
Error: fetch 486763 failed
Error: fetch 486311 failed
Error: fetch 486456 failed
Error: fetch 501044 failed
Error: fetch 486054 failed
Error: fetch 506957 failed
Error: fetch 499073 failed
Error: fetch 496391 failed
Error: fetch 499656 failed
Error: fetch 501729 failed
Error: fetch 514926 failed
Error: fetch 501963 failed
Error: fetch 515594 failed
Error: fetch 501958 failed
Error: fetch 505080 failed
Error: fetch 513725 failed
Error: fetch 440880 failed
Error: fetch 515856 failed
Error: fetch 506773 failed
Error: fetch 518603 failed
Error: fetch 329227 failed
Error: fetch 458225 failed
Error: fetch 420442 failed
Error: fetch 380229 failed
Error: fetch 506773 failed
Error: fetch 413617 failed
Error: fetch 518603 failed
Error: fetch 126199 failed
Error: fetch 313673 failed
Error: fetch 17833 failed
Error: fetch 8694 failed
Error: fetch 8694 failed
Error: fetch 70979 failed
Error: fetch 285530 failed
Error: fetch 73966 failed
Error: fetch 396016 failed
Error: fetch 485990 failed
Error: fetch 45340 failed
Error: fetch 243431 failed
Error: fetch 487716 failed
Error: fetch 442615 failed
Error: fetch 508003 failed
Error: fetch 473413 failed
Error: fetch 335032 failed
Error: fetch 507819 failed
Error: fetch 403378 failed
Error: fetch 509069 failed
Error: fetch 508295 failed
