Info: fetch おはよう!スパンク (id: 210388)
Info: fetch ハイスクール!奇面組 (id: 53738)
Info: fetch アンドロイド・アナ MAICO 2010 (id: 86435)
Info: fetch グラップラー刃牙 (id: 62893)
Info: fetch ONE～輝く季節へ～ (id: 5016)
Info: fetch なぜ生きる -蓮如上人と吉崎炎上- (id: 177249)
Info: fetch Occultic;Nine -オカルティック・ナイン- (id: 203861)
Info: fetch SAND LAND (id: 411278)
Info: fetch Scavengers Reign (id: 443179)
Info: fetch ふれる。 (id: 469033)
Info: fetch 鬼太郎誕生 ゲゲゲの謎 真生版 (id: 509290)
Info: fetch 怪獣8号 保科の休日 (id: 507122)
Info: fetch 映画ドラえもん のび太の絵世界物語 (id: 515422)
Info: fetch 劇場版 僕とロボコ (id: 441940)
Info: fetch 地球のラテール (id: 556075)
Info: fetch 矢野くんの普通の日々 (id: 502408)
Info: fetch 永久のユウグレ (id: 566600)
Info: fetch 無職の英雄 ～別にスキルなんか要らなかったんだが～ (id: 458125)
Info: fetch 野生のラスボスが現れた！ (id: 509355)
Info: fetch らんま1/2 第2期 (id: 529966)
Info: fetch 信じていた仲間達にダンジョン奥地で殺されかけたがギフト『無限ガチャ』でレベル9999の仲間達を手に入れて元パーティーメンバーと世界に復讐＆『ざまぁ！』します！ (id: 524195)
Info: fetch 友達の妹が俺にだけウザい (id: 326859)
Info: fetch 味方が弱すぎて補助魔法に徹していた宮廷魔法師、追放されて最強を目指す (id: 545842)
Info: fetch SANDA (id: 503303)
Info: fetch 私を喰べたい、ひとでなし (id: 520842)
Info: fetch 結婚指輪物語 第2期 (id: 486311)
Info: fetch 転生悪女の黒歴史 (id: 480832)
Info: fetch キミと越えて恋になる (id: 532940)
Info: fetch 最後にひとつだけお願いしてもよろしいでしょうか (id: 513348)
Info: fetch アルマちゃんは家族になりたい (id: 533442)
Info: fetch 父は英雄、母は精霊、娘の私は転生者。 (id: 476323)
Info: fetch 素材採取家の異世界旅行記 (id: 542777)
Info: fetch 不滅のあなたへ Season 3 (id: 424242)
Info: fetch 太陽よりも眩しい星 (id: 536711)
Info: fetch デブとラブと過ちと！ (id: 465803)
Info: fetch ガングリオン (id: 581598)
Info: fetch キングダム 第6シリーズ (id: 553106)
Info: fetch 笑顔のたえない職場です。 (id: 475663)
Info: fetch 暗殺者である俺のステータスが勇者よりも明らかに強いのだが (id: 537904)
Info: fetch 3年Z組銀八先生 (id: 425208)
Info: fetch ちゃんと吸えない吸血鬼ちゃん (id: 536102)
Info: fetch 顔に出ない柏田さんと顔に出る太田君 (id: 544104)
Info: fetch 東島丹三郎は仮面ライダーになりたい (id: 542203)
Info: fetch モンスターストライク デッドバースリローデッド (id: 570330)
Info: fetch 忍者と極道 (id: 539341)
Info: fetch しゃばけ (id: 525660)
Info: fetch Let's Play クエストだらけのマイライフ (id: 460183)
Info: fetch 科学×冒険サバイバル！ 第2シリーズ (id: 536878)
Info: fetch 千歳くんはラムネ瓶のなか (id: 507634)
Info: fetch 悪食令嬢と狂血公爵 (id: 520698)
Info: fetch 機械じかけのマリー (id: 507078)
Info: fetch 終末ツーリング (id: 539395)
Info: fetch 不器用な先輩。 (id: 529006)
Info: fetch ポーション、わが身を助ける (id: 576047)
Info: fetch グノーシア (id: 526448)
Info: fetch 亏成首富从游戏开始 (id: 405272)
Info: fetch 野原ひろし 昼メシの流儀 (id: 543189)
Info: fetch ワンダンス (id: 508958)
Info: fetch 異世界かるてっと3 (id: 564421)
Info: fetch デジモンビートブレイク (id: 545499)
Info: fetch さわらないで小手指くん (id: 541547)
Info: fetch 魔法公主的小烦恼 (id: 434807)
Info: fetch 罗小黑战记 (id: 13603)
Info: fetch ウマ娘 シンデレラグレイ 第2クール (id: 530377)
Info: fetch 魔法少女まどか☆マギカ 始まりの物語／永遠の物語 TV Edition (id: 579701)
Info: fetch アニラとココラ (id: 588026)
Info: fetch 元祖！バンドリちゃん (id: 540449)
Info: fetch SI-VIS: The Sound of Heroes (id: 573897)
Info: fetch 紫川 第2季 (id: 449338)
Info: fetch 双生武魂 (id: 449361)
Info: fetch スキスキDieスキ超Ayeシテル (id: 574792)
Info: fetch 精灵梦叶罗丽 第11季 (id: 569770)
Info: fetch Ninjago Legends: Kai's Monstrous Journey (id: 575164)
Info: fetch 琉璃的宝石 更多的矿物生活指南 (id: 587877)
Info: fetch 鬼滅の刃 柱稽古編 特別編集版 (id: 569579)
Info: fetch 是假千金也要手握团宠剧本 (id: 572988)
Info: fetch 新機動戦記ガンダムW -Operation 30th- (id: 573465)
Info: fetch あの日、プロデュースしてくれたあなたへ (id: 573786)
Info: fetch Transformers: Cyberworld (id: 570102)
Info: fetch 在下“英台” (id: 345835)
Info: fetch KING OF BANDIT JING (id: 111180)
Info: fetch KING OF BANDIT JING (id: 111180)
Info: fetch PSYCHO-PASS サイコパス 監視官 狡噛慎也 (id: 117991)
Info: fetch K -カウントダウン- (id: 148664)
Info: fetch K -カウントダウン- (id: 148664)
Info: fetch 機動戦士ガンダム 鉄血のオルフェンズ 月鋼 (id: 192656)
Info: fetch 警視庁 特務部 特殊凶悪犯対策室 第七課 トクナナFile.0 (id: 295741)
Info: fetch サイバーパンク: エッジランナーズ MADNESS (id: 529161)
Info: fetch 罗小黑战记 (id: 159725)
Info: fetch 罗小黑战记 众生之门篇 (id: 294880)
Info: fetch 紫川 (id: 306019)
Info: fetch 精灵梦叶罗丽 第10季 (id: 453861)
Info: fetch Ninjago:Dragons Rising Season 3 (id: 554391)
Info: fetch 鬼滅の刃 刀鍛冶の里編 特別編集版 (id: 484412)
Info: fetch ドラえもん (id: 18692)
Info: fetch 罗小黑战记2 (id: 442114)
Info: fetch 精灵梦叶罗丽 第9季 逆亡之战 (id: 402425)
Info: fetch Ninjago:Dragons Rising Season 2 (id: 554390)
Info: fetch 精灵梦叶罗丽 第8季 (id: 312114)
Info: fetch Ninjago:Dragons Rising Season 1 (id: 554022)
Info: fetch 精灵梦叶罗丽 第7季 (id: 311822)
Info: fetch LEGO Ninjago：Season 15 (id: 554384)
Info: fetch Ninjago Legends: Monstrosity (id: 564900)
Info: fetch 精灵梦叶罗丽 第6季 (id: 259939)
Info: fetch LEGO Ninjago：Season 14 (id: 554383)
Info: fetch LEGO Ninjago：Quest for the Lost Powers (id: 563519)
Info: fetch 精灵梦叶罗丽 第5季 (id: 240640)
Info: fetch LEGO Ninjago：The Island (id: 554382)
Info: fetch 精灵梦叶罗丽 第4季 (id: 240633)
Info: fetch LEGO Ninjago：Season 13 (id: 554376)
Info: fetch 精灵梦叶罗丽 第3季 (id: 240629)
Info: fetch LEGO Ninjago：Season 12 (id: 554375)
Info: fetch 精灵梦叶罗丽 第2季 (id: 240623)
Info: fetch LEGO Ninjago：Season 11 (id: 554364)
Info: fetch 精灵梦叶罗丽 (id: 240622)
Info: fetch LEGO Ninjago：Masters of Spinjitzu Season 10 (id: 554359)
Info: fetch LEGO Ninjago：Masters of Spinjitzu Season 9 (id: 554356)
Info: fetch LEGO Ninjago：Masters of Spinjitzu Season 8 (id: 554355)
Info: fetch LEGO Ninjago：Masters of Spinjitzu Season 7 (id: 554354)
Info: fetch LEGO Ninjago：Masters of Spinjitzu：Day of the Departed (id: 554350)
Info: fetch LEGO Ninjago：Masters of Spinjitzu Season 6 (id: 554349)
Info: fetch LEGO Ninjago：Hall of Villainy (id: 554444)
Info: fetch LEGO Ninjago：Masters of Spinjitzu Season 5 (id: 554348)
Info: fetch LEGO Ninjago：Masters of Spinjitzu Season 4 (id: 554347)
Info: fetch LEGO Ninjago：Masters of Spinjitzu Season 3 (id: 554346)
Info: fetch LEGO Ninjago：Masters of Spinjitzu Season 2 (id: 554344)
Info: fetch LEGO Ninjago: Masters of Spinjitzu Season 1 (id: 554341)
Info: fetch LEGO Ninjago：Masters of Spinjitzu (id: 422497)
