Info: infer 魔法使いサリー (id: 53753, 1966-12) -> 魔法使いサリー (id: 36450)
Info: infer わんぱく探偵団 (id: 184498, 1968-02) to わんぱく探偵団 (id: 253101)
Info: infer 科学忍者隊ガッチャマンⅡ (id: 53772, 1978-10) -> 科学忍者隊ガッチャマン (id: 13549, season: 2)
Info: infer 新・巨人の星II (id: 213787, 1979-04) -> 巨人の星 (id: 118453, season: 3)
Info: infer レモンエンジェル (id: 67771, 1987-10) -> レモンエンジェル (id: 68928)
Info: infer ダーティペア (id: 66393, 1987-12) -> ダーティペア（OVAシリーズ） (id: 153175)
Info: infer トッポ・ジージョ (id: 188708, 1988-04) to トッポ・ジージョのボタン戦争 (id: 125080)
Info: infer 魔法使いサリー (id: 90874, 1989-10) -> 魔法使いサリー (id: 96579)
Info: infer 魔法使いサリー 劇場版 (id: 403045, 1990-03) -> 魔法使いサリー (id: 96579, season: 1, episode: 20)
Info: infer 魔動王グランゾート 冒険編 (id: 25422, 1992-02) to 失业魔王 (id: 283322)
Info: infer おたくの星座 (id: 79967, 1994-10) to おたくの星座 (id: 134036)
Info: infer 鬼がら (id: 310062, 1994-12) to らんま1/2 (id: 57706)
Info: infer Ninja者 (id: 78055, 1996-05) -> Teenage Mutant Ninja Turtles (id: 160, season: 0)
Info: infer 劇場版 キューティーハニーF (id: 233647, 1997-07) to キューティーハニーＦ（ﾌﾗｯｼｭ） (id: 198102)
Info: infer ToHeart (id: 8296, 1999-04) -> ToHeart (id: 27346)
Info: infer 劇場版 カードキャプターさくら (id: 1941, 1999-08) -> 劇場版カードキャプターさくら (id: 26945)
Info: infer 越後の昔ばなし あったてんがのぉ (id: 299156, 2000-05) to 越後の昔ばなし あったてんがのぉ (id: 911738)
Info: infer 바스토프 레몬 (id: 209603, 2001-05) to BASToF Lemon (id: 31661)
Info: infer ブラック・ジャック WEB (id: 504455, 2001-08) to ブラック・ジャック（インターネット版） (id: 262682)
Info: infer .hack//Integration (id: 68972, 2003-10) to .hack//Integration (id: 1023542)
Info: infer Mickey Mouse Clubhouse pilot (id: 565537, 2005-11) -> Mickey Mouse Clubhouse (id: 3934, season: 0, episode: 64)
Info: infer Mickey Mouse Clubhouse (id: 236635, 2006-05) -> Mickey Mouse Clubhouse (id: 3934)
Info: infer ジョジョの奇妙な冒険 ファントムブラッド (id: 61534, 2007-02) to 『ジョジョの奇妙な冒険 ファントムブラッド』 (id: 1156414)
Info: infer Usavich Season 2 (id: 58864, 2007-10) -> ウサビッチ (id: 13961, season: 2)
Info: infer TRANSFORMERS ANIMATED (id: 4522, 2007-12) to Transformers: Animated (id: 10548)
Info: infer Mickey Mouse Clubhouse Season 2 (id: 564415, 2008-01) -> Mickey Mouse Clubhouse (id: 3934, season: 2)
Info: infer 聖闘士星矢 冥王ハーデスエリシオン編 (id: 1486, 2008-03) to 聖闘士星矢 冥王 ハーデスエリシオン編 (id: 293765)
Info: infer D.C.II S.S. ～ダ・カーポII セカンドシーズン～ (id: 2688, 2008-04) -> D.C.～ダ・カーポ～ (id: 26444, season: 4)
Info: infer スカイ・クロラ The Sky Crawlers (id: 1836, 2008-08) to スカイ・クロラ (id: 15877)
Info: infer パッテンライ!! ～南の島の水ものがたり～ (id: 189918, 2008-11) to パッテンライ!! 〜南の島の水ものがたり〜 (id: 296284)
Info: infer こどものじかん 2学期 (id: 4830, 2009-02) to こどものじかん (id: 46179)
Info: infer 仮面ライダーW (id: 8055, 2009-09) -> 仮面ライダーW (id: 262157)
Info: infer Mickey Mouse Clubhouse Season 3 (id: 564416, 2010-02) -> Mickey Mouse Clubhouse (id: 3934, season: 3)
Info: infer 仮面ライダーオーズ (id: 9376, 2010-09) -> 仮面ライダーオーズ (id: 262250)
Info: infer The Amazing World of Gumball Season 1 (id: 129927, 2011-05) -> The Amazing World of Gumball (id: 37606, season: 1)
Info: infer 仮面ライダーフォーゼ (id: 22641, 2011-09) -> 仮面ライダーフォーゼ (id: 262247)
Info: infer 帰ってきた トップをねらえ! 科学講座 (id: 559221, 2012-02) -> トップをねらえ！ (id: 66931, season: 0, episode: 10)
Info: infer 仮面ライダーフォーゼ 超バトルDVD 友情のロケットドリルステイツ (id: 189508, 2012-04) -> 仮面ライダーフォーゼ × クレヨンしんちゃん (id: 157216, season: 1, episode: 3)
Info: infer NINJAハットリくんリターンズ (id: 74299, 2012-05) to NINJAハットリくんリターンズ (id: 158198)
Info: infer The Amazing World of Gumball Season 2 (id: 129928, 2012-08) -> The Amazing World of Gumball (id: 37606, season: 2)
Info: infer 仮面ライダーウィザード (id: 43392, 2012-09) -> 仮面ライダーウィザード (id: 139654)
Info: infer Mickey Mouse Clubhouse Season 4 (id: 564417, 2012-11) -> Mickey Mouse Clubhouse (id: 3934, season: 4)
Info: infer がんばれ! おでんくん (id: 58871, 2013-01) to 信じていた仲間達にダンジョン奥地で殺されかけたがギフト『無限ガチャ』でレベル9999の仲間達を手に入れて元パーティーメンバーと世界に復讐＆『ざまぁ！』します！ (id: 278635)
Info: infer 仮面ライダー鎧武 (id: 79034, 2013-10) -> 仮面ライダー鎧武 (id: 262243)
Info: infer にゃ～めん (id: 93345, 2014-01) -> にゃ~めん (id: 290737)
Info: infer The Amazing World of Gumball Season 3 (id: 129929, 2014-06) -> The Amazing World of Gumball (id: 37606, season: 3)
Info: infer 真 ストレンジ・プラス (id: 100986, 2014-07) to True Blood (id: 10545)
Info: infer 仮面ライダードライブ (id: 112356, 2014-10) -> 仮面ライダードライブ (id: 153910)
Info: infer AppleSeed Alpha (id: 104139, 2015-01) to Appleseed Alpha (id: 269650)
Info: infer The Amazing World of Gumball Season 4 (id: 155120, 2015-07) -> The Amazing World of Gumball (id: 37606, season: 4)
Info: infer 仮面ライダーゴースト (id: 144216, 2015-10) -> 仮面ライダーゴースト (id: 154179)
Info: infer どちゃもん じゅにあ (id: 209643, 2015-10) to 信じていた仲間達にダンジョン奥地で殺されかけたがギフト『無限ガチャ』でレベル9999の仲間達を手に入れて元パーティーメンバーと世界に復讐＆『ざまぁ！』します！ (id: 278635)
Info: infer 从前有座灵剑山 (id: 146861, 2016-01) -> 霊剣山 星屑たちの宴 (id: 65206)
Info: infer The Amazing World of Gumball Season 5 (id: 194277, 2016-09) -> The Amazing World of Gumball (id: 37606, season: 5)
Info: infer 仮面ライダーエグゼイド (id: 188707, 2016-10) -> 仮面ライダーエグゼイド (id: 262158)
Info: infer 凸变英雄 (id: 192247, 2016-10) -> 凸变英雄 (id: 68135)
Info: infer 从前有座灵剑山 第二季 (id: 175432, 2017-01) -> 霊剣山 星屑たちの宴 (id: 65206, season: 2)
Info: infer 仮面ライダービルド (id: 223098, 2017-09) -> 仮面ライダービルド (id: 139653)
Info: infer 仮面ライダーエグゼイド [裏技] 仮面ライダーパラドクス (id: 237625, 2017-11) to 仮面ライダーエグゼイド [裏技] 仮面ライダーパラドクス (id: 510918)
Info: infer The Amazing World of Gumball Season 6 (id: 195747, 2018-01) -> The Amazing World of Gumball (id: 37606, season: 6)
Info: infer 仮面ライダーエグゼイド トリロジー アナザー・エンディング (id: 249293, 2018-02) -> 仮面ライダーエグゼイド トリロジー アナザー・エンディング 仮面ライダーブレイブ&スナイプ (id: 485803)
Info: infer 灵契-黄泉之契- (id: 233615, 2018-02) to 灵契 (id: 69344)
Info: infer 非人哉 (id: 233593, 2018-03) -> 非人哉 (id: 94039)
Info: infer 非人哉 Part.2 (id: 312629, 2018-07) -> 非人哉 (id: 94039, season: 1, episode: 18)
Info: infer 通灵妃 (id: 242741, 2018-11) -> 通灵妃 (id: 84737)
Info: infer 本好きの下剋上 〜司書になるためには手段を選んでいられません〜 外伝 (id: 296129, 2020-03) -> 本好きの下剋上 司書になるためには手段を選んでいられません (id: 91768, season: 0)
Info: infer 本好きの下剋上 〜司書になるためには手段を選んでいられません〜 第2期 (id: 295884, 2020-04) -> 本好きの下剋上 司書になるためには手段を選んでいられません (id: 91768, season: 1, episode: 15)
Info: infer キラッとプリ☆チャン シーズン3 (id: 296702, 2020-04) -> キラッとプリ☆チャン (id: 78482, season: 1, episode: 103)
Info: infer 仮面ライダーセイバー (id: 311585, 2020-09) -> 仮面ライダーセイバー (id: 255623)
Info: infer 非人哉 夏至篇 (id: 328512, 2021-02) -> 非人哉 (id: 94039, season: 1, episode: 74)
Info: infer ネット版 仮面ライダーオーズ10th (id: 374101, 2022-03) -> 仮面ライダー (id: 2661, season: 32, episode: 26)
Info: infer 本好きの下剋上 〜司書になるためには手段を選んでいられません〜 第3期 (id: 310263, 2022-04) to 本好きの下剋上 司書になるためには手段を選んでいられません (id: 91768)
Info: infer 苍兰诀 (id: 390888, 2022-07) -> 苍兰诀 (id: 206534)
Info: infer ダンジョンに出会いを求めるのは間違っているだろうかⅣ 新章 迷宮篇 (id: 326874, 2022-07) to ダンジョンに出会いを求めるのは間違っているだろうか (id: 62745)
Info: infer 非人哉 春分篇 (id: 393947, 2022-08) -> 非人哉 (id: 94039, season: 2)
Info: infer ダンジョンに出会いを求めるのは間違っているだろうかⅣ 深章 厄災編 (id: 402223, 2023-01) to ダンジョンに出会いを求めるのは間違っているだろうか (id: 62745)
Info: infer 非人哉 秋分篇 (id: 413619, 2023-01) -> 非人哉 (id: 94039, season: 2, episode: 13)
Info: infer 鬼滅の刃 遊郭編 特別編集版 (id: 422759, 2023-04) to 鬼滅の刃 遊郭編 決戦 (id: 1490213)
Info: infer Beyblade Burst QuadStrike (id: 549999, 2023-04) to ベイブレードバースト (id: 67667)
Info: infer 是王者啊？第2季 云中不完全剿匪日记 (id: 407308, 2023-07) -> 是王者啊？ (id: 196568, season: 2)
Info: infer 響け！ユーフォニアム3 (id: 283643, 2024-04) to 劇場版 響け！ユーフォニアム～誓いのフィナーレ～ (id: 528225)
Info: infer Enter The Garden (id: 489577, 2024-05) -> Enter the Garden (id: 251708)
Info: infer 劇場総集編ぼっち・ざ・ろっく！ Re: (id: 436738, 2024-06) -> 劇場総集編ぼっち・ざ・ろっく！Re: (id: 1129610)
Info: infer 是王者啊？第3季 有求必应星之队 (id: 462295, 2024-06) -> 是王者啊？ (id: 196568, season: 3)
Info: infer きみの色 (id: 409576, 2024-08) -> きみの色 (id: 1056444)
Info: infer 非人哉 第二季 Part.3 (id: 448676, 2024-09) -> 非人哉 (id: 94039, season: 2, episode: 25)
Info: infer シャングリラ・フロンティア～クソゲーハンター、神ゲーに挑まんとす～ 2nd Season (id: 487684, 2024-10) -> シャングリラ・フロンティア (id: 205050, season: 1, episode: 26)
Info: infer がんばっていきまっしょい (id: 485868, 2024-10) -> がんばっていきまっしょい (id: 1262549)
Info: infer 是王者啊？第4季 牡丹香幽大理寺 (id: 479011, 2024-12) -> 是王者啊？ (id: 196568, season: 4)
Info: infer OVA SK∞ エスケーエイト EXTRA PART (id: 396229, 2025-03) to SK∞ エスケーエイト EXTRA PART (id: 1385332)
Info: infer ギャグマンガ日和GO (id: 526567, 2025-04) to 増田こうすけ劇場 ギャグマンガ日和 (id: 80007)
Info: infer 最強王図鑑 ～The Ultimate Tournament～ (id: 530309, 2025-04) -> 最強王図鑑 (id: 243345, season: 2)
Info: infer ゴー！ゴ―！びーくるずー のりものスター編 (id: 550487, 2025-04) -> ゴー！ゴ―！びーくるずー (id: 254024, season: 2)
Info: infer 全力ウサギ 第2期 (id: 523889, 2025-04) -> 全力ウサギ (id: 113217, season: 3)
Info: infer 戦隊大失格 2nd season (id: 501919, 2025-04) -> 戦隊大失格 (id: 215799, season: 1, episode: 13)
Info: infer ユーチューニャー 3期アニメシリーズ (id: 550457, 2025-04) -> ユーチューニャー (id: 222730, season: 1, episode: 28)
Info: infer 自動販売機に生まれ変わった俺は迷宮を彷徨う 2nd season (id: 455617, 2025-07) -> 自動販売機に生まれ変わった俺は迷宮を彷徨う (id: 207564, season: 2)
Info: infer 地獄先生ぬ～べ～ (id: 504524, 2025-07) -> 地獄先生ぬ～べ～ (id: 259544)
Info: infer ちびゴジラの逆襲 シリーズ最新作 (id: 561787, 2025-07) -> ちびゴジラの逆襲 (id: 221725, season: 1, episode: 66)
Info: infer よふかしのうた Season 2 (id: 484623, 2025-07) -> よふかしのうた (id: 138357, season: 2)
Info: infer アークナイツ【焔燼曙明/RISE FROM EMBER】 (id: 492199, 2025-07) to 明日方舟 (id: 137065)
Info: infer 彼女、お借りします 第4期 (id: 503450, 2025-07) -> 彼女、お借りします (id: 96316, season: 1, episode: 37)
Info: infer 青春ブタ野郎はサンタクロースの夢を見ない (id: 467930, 2025-07) to 青春ブタ野郎はバニーガール先輩の夢を見ない (id: 82739)
Info: infer その着せ替え人形は恋をする Season 2 (id: 398951, 2025-07) -> その着せ替え人形は恋をする (id: 123249, season: 2)
Info: infer フェルマーの料理 (id: 531945, 2025-07) -> フェルマーの料理 (id: 283704)
Info: infer 雨と君と (id: 509062, 2025-07) -> 雨と君と (id: 262254)
Info: infer ぷにるんず ぷに３ (id: 546442, 2025-07) -> ぷにるんず (id: 209198, season: 3)
Info: infer カードファイト!! ヴァンガード Divinez デラックス決勝編 (id: 440881, 2025-07) -> カードファイト!! ヴァンガード (id: 106301, season: 8)
Info: infer 白豚貴族ですが前世の記憶が生えたのでひよこな弟育てます (id: 504054, 2025-07) to 白豚貴族ですが前世の記憶が生えたのでひよこな弟育てます (id: 281623)
Info: infer ぷにるはかわいいスライム 第2期 (id: 530115, 2025-07) -> ぷにるはかわいいスライム (id: 241811, season: 2)
Info: infer 地縛少年花子くん２ 第2クール (id: 548940, 2025-07) -> 地縛少年花子くん (id: 95269, season: 2, episode: 13)
Info: infer 特装合体ロボ ジョブレイバー (id: 559967, 2025-07) to トミカヒーローズ ジョブレイバー 特装合体ロボ (id: 216489)
Info: infer 忍ばない！クリプトニンジャ咲耶 参ノ巻 (id: 531576, 2025-07) to 忍ばない！クリプトニンジャ咲耶 (id: 227810)
Info: infer Turkey! (id: 413567, 2025-07) -> Turkey! (id: 217247)
Info: infer おそ松さん 第4期 (id: 497881, 2025-07) -> おそ松さん (id: 71785, season: 4)
Info: infer カッコウの許嫁 Season 2 (id: 505303, 2025-07) -> カッコウの許嫁 (id: 122587, season: 2)
Info: infer 盾の勇者の成り上がり Season 4 (id: 476542, 2025-07) -> 盾の勇者の成り上がり (id: 83095, season: 4)
Info: infer ふたりソロキャンプ (id: 531344, 2025-07) -> ふたりソロキャンプ (id: 281044)
Info: infer Dr.STONE SCIENCE FUTURE 第2クール (id: 508003, 2025-07) -> Dr.STONE (id: 86031, season: 4, episode: 13)
Info: infer 追放白魔導師 ～ミニアニメ～ (id: 563152, 2025-07) -> 勇者パーティーを追放された白魔導師、Sランク冒険者に拾われる ～この白魔導師が規格外すぎる～ (id: 284771, season: 1)
Info: infer 赵琳的探险日记Ⅱ (id: 567279, 2025-07) -> 赵琳的探险日记 (id: 237739, season: 2)
Info: infer 闇芝居 十五期 (id: 562793, 2025-07) -> 闇芝居 (id: 56559, season: 15)
Info: infer BULLET/BULLET (id: 408467, 2025-07) -> BULLET/BULLET (id: 215401)
Info: infer 通灵妃 第二季 (id: 456336, 2025-07) to 通灵妃第二季 (id: 272879)
Info: infer 苍兰诀2 (id: 423976, 2025-07) -> 苍兰诀 (id: 206534, season: 2)
Info: infer 怪獣8号 第2期 (id: 501844, 2025-07) -> 怪獣８号 (id: 207468, season: 2)
Info: infer Mickey Mouse Clubhouse+ (id: 564419, 2025-07) -> Mickey Mouse Clubhouse+ (id: 232869)
Info: infer 非人哉 第三季 (id: 448677, 2025-07) -> 非人哉 (id: 94039, season: 3)
Info: infer The Wonderfully Weird World of Gumball (id: 561133, 2025-07) -> The Amazing World of Gumball (id: 37606, season: 7)
Info: infer 开局地摊卖大力 (id: 456171, 2025-07) to 开局地摊卖大力 (id: 281046)
Info: infer 百妖谱·洛阳篇 (id: 456167, 2025-08) -> 百妖谱 (id: 101099, season: 5)
Info: infer Star Wars: Visions Volume 3 (id: 524894, 2025-10) -> Star Wars: Visions (id: 114478, season: 3)
