Error: There is no search result for 新しい動画 3つのはなし
Error: There is no search result for サザエさん
Error: There is no search result for ルパン三世 1stシリーズ
Error: There is multiple search results for パンダコパンダ
Error: There is no search result for ガンバの冒険
Error: There is no search result for 超電磁ロボ コン・バトラーV
Error: There is no search result for 超電磁マシーン ボルテスⅤ
Error: There is no search result for ルパン三世 2nd series
Error: There is no search result for 科学忍者隊ガッチャマンII
Error: There is no search result for さらば宇宙戦艦ヤマト 愛の戦士たち
Error: There is no search result for あしたのジョー2
Error: There is no search result for 宇宙戦艦ヤマト 新たなる旅立ち
Error: There is no search result for 銀河鉄道999 映画版
Error: There is multiple search results for 科学忍者隊ガッチャマンF
Error: There is no search result for 魔法のプリンセス ミンキーモモ
Error: There is no search result for 宇宙大帝ゴッドシグマ
Error: There is no search result for まんがイソップ物語
Error: There is multiple search results for エリア88
Error: There is no search result for 装甲騎兵ボトムズ ザ・ラストレッドショルダー
Error: There is no search result for 幻夢戦記レダ
Error: There is multiple search results for メガゾーン23
Error: There is no search result for ルパン三世 PARTⅢ
Error: There is multiple search results for ロボット・カーニバル
Error: There is no search result for 紫式部 源氏物語
Error: There is no search result for 超獣機神ダンクーガ GOD BLESS DANCOUGA
Error: There is no search result for 超獣機神ダンクーガ 失われた者たちへの鎮魂歌
Error: There is no search result for 装甲騎兵ボトムズ ビッグバトル
Error: There is no search result for 蒼き流星SPTレイズナー OVA
Error: There is no search result for 名探偵ホームズ ミセス・ハドソン人質事件の巻/ドーバー海峡の大空中戦の巻
Error: There is no search result for 重戦機エルガイム OVA
Error: There is no search result for 銀河英雄伝説
Error: There is no search result for めぞん一刻 完結篇
Error: There is multiple search results for New Story of Aura Battler DUNBINE
Error: There is no search result for 鉄拳チンミ
Error: There is no search result for 吸血姫美夕 OVA
Error: There is no search result for 新きまぐれオレンジ☆ロード ～ そして、あの夏のはじまり
Error: There is no search result for トップをねらえ! 科学講座
Error: There is no search result for 平成天才バカボン
Error: There is no search result for 魔動王グランゾート 最後のマジカル大戦
Error: There is no search result for もーれつア太郎
Error: There is no search result for ルパン三世 ヘミングウェイ・ペーパーの謎
Error: There is no search result for ドラゴンボールZ 地球まるごと超決戦
Error: There is no search result for ドラゴンボールZ たったひとりの最終決戦〜フリーザに挑んだZ戦士 孫悟空の父〜
Error: There is no search result for きまぐれオレンジ☆ロード The O.V.A
Error: There is no search result for 風魔の小次郎
Error: There is multiple search results for 機動戦士ガンダム0080 ポケットの中の戦争
Error: There is no search result for ルパン三世 バイバイ・リバティー・危機一発！
Error: There is multiple search results for 妖魔
Error: There is no search result for 昆虫物語 みなしごハッチ （リメイク版）
Error: There is no search result for 燃える! お兄さん OVA
Error: There is no search result for 緑山高校 甲子園編
Error: There is no search result for らんま1/2 熱闘編
Error: There is no search result for 小松左京アニメ劇場
Error: There is no search result for 超獣機神ダンクーガ 白熱の終章
Error: There is no search result for おれは直角
Error: There is no search result for めぞん一刻 番外編 一刻島ナンパ始末記
Error: There is no search result for バブルガム・クラッシュ!
Error: There is no search result for ルパン三世 ナポレオンの辞書を奪え
Error: There is multiple search results for DETONATORオーガン
Error: There is no search result for サイレントメビウス
Error: There is no search result for 創竜伝
Error: There is no search result for ドラゴンボールZ 超サイヤ人だ孫悟空
Error: There is no search result for 魔法のプリンセス ミンキーモモ 夢を抱きしめて
Error: There is no search result for うる星やつら いつだってマイ・ダーリン
Error: There is no search result for 魔動王グランゾート 冒険編
Error: There is no search result for 超電動ロボ 鉄人28号FX
Error: There is no search result for ルパン三世 ロシアより愛をこめて
Error: There is multiple search results for ドラゴンボールZ 極限バトル!!三大超サイヤ人
Error: There is no search result for 間の楔
Error: There is no search result for 新世紀GPXサイバーフォーミュラ11
Error: There is no search result for 絶対無敵ライジンオー OVA
Error: There is no search result for ドラゴンボールZ・絶望への反抗!! 残された超戦士・悟飯とトランクス
Error: There is no search result for 海がきこえる
Error: There is multiple search results for 銃夢 GUNNM
Error: There is no search result for Dr.スランプ アラレちゃん んちゃ!ペンギン村はハレのち晴れ
Error: There is no search result for ルパン三世 ルパン暗殺指令
Error: There is no search result for アルスラーン戦記III 東の城、西の城
Error: There is no search result for 魔神英雄伝ワタル 終わりなき時の物語
Error: There is no search result for THE 八犬伝 〜新章〜
Error: There is no search result for アルスラーン戦記IV
Error: There is no search result for ブラック・ジャック OVA
Error: There is no search result for 機動武闘伝Gガンダム
Error: There is no search result for 新世紀GPXサイバーフォーミュラZERO
Error: There is no search result for スラムダンク 全国制覇だ！桜木花道
Error: There is no search result for 天地無用! 魎皇鬼 第二期
Error: There is no search result for 幽☆遊☆白書 映像白書～暗黒武術会の章～
Error: There is no search result for TYLOR The Irresponsible Captain AN EXCEPTIONAL EPISODE ひとりぼっちの戦争 Tylor's War
Error: There is no search result for 忍たま乱太郎 2期
Error: There is no search result for BLUE SEED
Error: There is no search result for 疾風!アイアンリーガー 銀光の旗の下に
Error: There is no search result for ルパン三世 燃えよ斬鉄剣
Error: There is no search result for Dr.スランプ アラレちゃん んちゃ!!わくわくハートの夏休み
Error: There is no search result for 新機動戦記ガンダムW Endless Waltz
Error: There is multiple search results for 超獣伝説ゲシュタルト
Error: There is no search result for 神秘の世界エルハザード2
Error: There is no search result for シティーハンタースペシャル グッド・バイ・マイ・スイート・ハート
Error: There is no search result for ルパン三世 ワルサーP38
Error: There is no search result for B'T-X NEO
Error: There is no search result for 地球が動いた日
Error: There is no search result for またまたセイバーマリオネットJ
Error: There is no search result for 忍たま乱太郎 5期
Error: There is no search result for ネクスト戦記EHRGEIZ
Error: There is no search result for 勇者指令ダグオン 水晶の瞳の少年
Error: There is no search result for 忍たま乱太郎 4期
Error: There is no search result for 劇場版 ハーメルンのバイオリン弾き
Error: There is no search result for シティーハンタースペシャル ザ・シークレット・サービス
Error: There is no search result for BLUE SEED2
Error: There is no search result for ルパン三世 トワイライト☆ジェミニの秘密
Error: There is no search result for 新世紀GPXサイバーフォーミュラSAGA
Error: There is no search result for 超生命体トランスフォーマー ビーストウォーズメタルス
Error: There is no search result for オリジナルビデオシリーズ ふしぎ遊戯
Error: There is no search result for イーハトーブ幻想〜KENjIの春
Error: There is no search result for サイキックフォース
Error: There is no search result for ひみつのアッコちゃん(1998)
Error: There is no search result for 忍たま乱太郎 6期
Error: There is no search result for 夢で逢えたら〜OVAストーリーズ〜
Error: There is no search result for スーパーミルクちゃん
Error: There is no search result for ルパン三世 炎の記憶～TOKYO CRISIS～
Error: There is no search result for 劇場版 スレイヤーズごぅじゃす
Error: There is no search result for COWBOY BEBOP
Error: There is no search result for 魔術師オーフェン
Error: There is no search result for 火聖旅団 ダナサイト999.9
Error: There is no search result for タッチ Miss Lonely Yesterday あれから君は…
Error: There is no search result for 新世紀GPXサイバーフォーミュラSIN
Error: There is no search result for ちびまる子ちゃん
Error: There is no search result for D・N・A² 〜何処かで失くしたあいつのアイツ〜
Error: There is no search result for ユンカース・カム・ヒア
Error: There is no search result for ルパン三世 ハリマオの財宝を追え!!
Error: There is no search result for アルスラーン戦記V 征馬孤影
Error: There is no search result for ヤマトタケル 〜After War〜
Error: There is no search result for 3×3 EYES 〜聖魔伝説〜
Error: There is no search result for TYLOR THE IRRESPONSIBLE CAPTAIN
Error: There is no search result for 忍たま乱太郎 3期
Error: There is no search result for 幽☆遊☆白書 映像白書II
Error: There is no search result for こどものおもちゃ OVA
Error: There is no search result for 美少女戦士セーラームーンSuperS~スペシャル!
Error: There is no search result for クレヨンしんちゃん 雲黒斎の野望
Error: There is no search result for 星界の紋章
Error: There is no search result for 超発明BOYカニパン
Error: There is no search result for ビーストウォーズ 超生命体トランスフォーマー
Error: There is no search result for コレクター・ユイ(第1期)
Error: There is no search result for シティーハンタースペシャル 緊急生中継!?凶悪犯冴羽リョウの最期
Error: There is no search result for 忍たま乱太郎 7期
Error: There is no search result for 逮捕しちゃうぞ Special
Error: There is no search result for のび太の結婚前夜
Error: There is multiple search results for 青山剛昌短編集
Error: There is multiple search results for サムライスピリッツ2 アスラ斬魔伝
Error: There is no search result for メダロット
Error: There is no search result for ルパン三世 愛のダ・カーポ～FUJIKO's Unlucky Days～
Error: There is no search result for サクラ大戦 轟華絢爛
Error: There is no search result for 銀河英雄伝説外伝 螺旋迷宮
Error: There is no search result for 青山剛昌短編集 2
Error: There is no search result for 魔術士オーフェンRevenge
Error: There is no search result for レレレの天才バカボン
Error: There is no search result for 知世のカードキャプターさくら活躍ビデオ日記!
Error: There is no search result for OH!スーパーミルクチャン
Error: There is no search result for 伝心 まもって守護月天!
Error: There is no search result for Di Gi Charat サマースペシャル 2000
Error: There is no search result for 星界の断章 -誕生-
Error: There is no search result for トランスフォーマーカーロボット
Error: There is no search result for 忍たま乱太郎 8期
Error: There is multiple search results for 真ゲッターロボ対ネオゲッターロボ
Error: There is no search result for Di Gi Charat クリスマススペシャル
Error: There is no search result for メダロット魂
Error: There is no search result for ルパン三世 1＄マネーウォーズ
Error: There is no search result for CYBERSIX
Error: There is no search result for 無敵王トライゼノン
Error: There is no search result for 千年女優
Error: There is no search result for FINAL FANTASY: The Spirits Within
Error: There is no search result for 忍たま乱太郎 9期
Error: There is no search result for Di Gi Charat お花見すぺしゃる
Error: There is no search result for ルパン三世 アルカトラズコネクション
Error: There is no search result for Di Gi Charat 夏休みスペシャル
Error: There is no search result for メモリーズオフ OVA
Error: There is no search result for 幻影闘士バストフレモン
Error: There is no search result for よばれてとびでて！アクビちゃん
Error: There is no search result for ポケットモンスタークリスタル ライコウ雷の伝説
Error: There is no search result for HELLSING
Error: There is no search result for ヴァンドレッド 胎動篇
Error: There is no search result for 絆のアリル セカンドシーズン
Error: There is no search result for 東京リベンジャーズ 天竺編
Error: There is no search result for 全力ウサギ(2023)
Error: There is no search result for 魔法使いの嫁 SEASON2 第2クール
Error: There is no search result for デッドマウント・デスプレイ(第2クール)
Error: There is no search result for Dr.STONE NEW WORLD(第2クール)
Error: There is no search result for Spicy Candy
Error: There is no search result for RWBY Volume 9
Error: There is no search result for 夜は猫といっしょ Season2
Error: There is no search result for おしりたんてい コズミックフロント
Error: There is no search result for しゅわわん！
Error: There is no search result for スタンドマイヒーローズ WARMTH OF MEMORIES
Error: There is no search result for 無職転生Ⅱ ～異世界行ったら本気だす～
Error: There is no search result for 呪術廻戦 懐玉・玉折／渋谷事変(第2期)
Error: There is no search result for シュガーアップル・フェアリーテイル(第2クール)
Error: There is no search result for BLEACH 千年血戦篇 -訣別譚-
Error: There is no search result for もののがたり 第二章
Error: There is no search result for 死神坊ちゃんと黒メイド（第2期）
Error: There is no search result for スパイ教室 2nd season
Error: There is no search result for 幼女社長R
Error: There is no search result for シャドウバースF(セブンシャドウズ編)
Error: There is no search result for 彼女、お借りします(第3期)
Error: There is no search result for Fate/strange Fake -Whispers of Dawn-
Error: There is no search result for 鬼滅の刃 遊郭編 特別編集版
Error: There is no search result for 東京ミュウミュウ にゅ～♡(第2期)
Error: There is no search result for 機動戦士ガンダム 水星の魔女 Season2
Error: There is no search result for BIRDIE WING -Golf Girls' Story- Season 2
Error: There is no search result for かぐや様は告らせたい-ファーストキッスは終わらない-
Error: There is multiple search results for イジらないで、長瀞さん 2nd Attack
Error: There is no search result for ダンジョンに出会いを求めるのは間違っているだろうかIV 深章 厄災篇
Error: There is no search result for 虚構推理 Season2
Error: There is no search result for 東京リベンジャーズ 聖夜決戦編
Error: There is no search result for ポケットモンスター めざせポケモンマスター
Error: There is no search result for ジョジョの奇妙な冒険 ストーンオーシャン(第3クール)
Error: There is no search result for KJファイル(第2期)
Error: There is no search result for 文豪ストレイドッグス(第4シーズン)
Error: There is no search result for とーとつにエジプト神2
Error: There is no search result for 五等分の花嫁∽
Error: There is no search result for 冒険者になりたいと都に出て行った娘がSランクになってた
Error: There is no search result for 爆転シュートベイブレード2002
Error: There is no search result for 喜劇
Error: There is no search result for YOU'RE UNDER ARREST 〜逮捕しちゃうぞ〜
Error: There is no search result for ミニパト
Error: There is no search result for 忍たま乱太郎 10期
Error: There is no search result for 最終兵器彼女
Error: There is no search result for .hack//Integration
Error: There is no search result for ナースウィッチ小麦ちゃんマジカルて
Error: There is no search result for ジャングルはいつもハレのちグゥ デラックス
Error: There is no search result for ヴァンドレッド 激闘篇
Error: There is no search result for ヒートガイジェイ
Error: There is no search result for タチコマな日々
Error: There is no search result for 釣りバカ日誌
Error: There is no search result for ルパン三世 EPISODE:0 ファーストコンタクト
Error: There is no search result for シックス・エンジェルズ
Error: There is no search result for 爆転シュートベイブレードＧレボリューション
Error: There is no search result for 聖闘士星矢 冥王ハーデス十二宮編
Error: There is no search result for メモリーズオフ2nd OVA
Error: There is no search result for OH!スーパーミルクチャン ミルクのIT革命
Error: There is no search result for HUNTER×HUNTER GREED ISLAND
Error: There is no search result for 遙かなる時空の中で2 〜白き龍の神子〜
Error: There is no search result for 時空冒険記ゼントリックス
Error: There is no search result for はじめの一歩 Champion Road
Error: There is no search result for .hack//GIFT
Error: There is no search result for SUBMARINE SUPER 99
Error: There is no search result for フルメタル・パニック？ふもっふ
Error: There is no search result for ルパン三世 お宝返却大作戦!!
Error: There is no search result for ちっちゃな雪使いシュガー 特別編
Error: There is no search result for ラーゼフォンOVA 間奏曲「彼女と彼女自身と」
Error: There is no search result for R.O.D -THE TV-
Error: There is no search result for 最遊記RELOAD
Error: There is no search result for 円盤皇女ワるきゅーレ 十二月の夜想曲
Error: There is no search result for ロックマンエグゼAXESS
Error: There is no search result for ギルガメッシュ
Error: There is no search result for SPACE PIRATE CAPTAIN HERLOCK
Error: There is no search result for 茄子 アンダルシアの夏
Error: There is no search result for 新・北斗の拳
Error: There is no search result for 天地無用! 魎皇鬼 第三期
Error: There is no search result for ボボボーボ・ボーボボ
Error: There is no search result for 東京ゴッドファーザーズ
Error: There is no search result for ジャングルはいつもハレのちグゥ FINAL
Error: There is no search result for ブラック・ジャック2時間スペシャル 〜命をめぐる4つの奇跡〜
Error: There is no search result for 映画 あたしンち
Error: There is no search result for 今日の5の2 OVA
Error: There is no search result for 超劇場版ケロロ軍曹
Error: There is no search result for キン肉マンII世 ULTIMATE MUSCLE 2
Error: There is no search result for ペイル・コクーン
Error: There is no search result for カレイドスター Legend of phoenix 〜レイラ・ハミルトン物語〜
Error: There is no search result for 灼眼のシャナたん
Error: There is no search result for フルメタル・パニック! The Second Raid 特別版OVA「わりとヒマな戦隊長の一日」
Error: There is no search result for Memories Off #5 とぎれたフィルム THE ANIMATION
Error: There is no search result for NIGHT HEAD GENESIS
Error: There is no search result for 星空キセキ
Error: There is no search result for パッタ ポッタ モン太
Error: There is no search result for HANOKA～葉ノ香～
Error: There is no search result for ななみちゃん 第3シリーズ
Error: There is no search result for リリとカエルと（弟）
Error: There is no search result for 年をとった鰐
Error: There is no search result for オーバンSTAR-RACERS
Error: There is no search result for ルパン三世 セブンデイズラプソディ
Error: There is no search result for あゆまゆ劇場
Error: There is no search result for ストラトス・フォー アドヴァンス 完結編
Error: There is no search result for カレイドスター ぐっどだよ! ぐぅーっど!
Error: There is no search result for ローゼンメイデン オーベルテューレ
Error: There is no search result for 聖闘士星矢 冥王ハーデス冥界編 後章
Error: There is no search result for 灼眼のシャナ特別編 「恋と温泉の校外学習！」
Error: There is no search result for RGBアドベンチャー
Error: There is no search result for パプリカ
Error: There is no search result for マリア様がみてる 3rdシーズン
Error: There is no search result for 攻殻機動隊 STAND ALONE COMPLEX Solid State Society
Error: There is no search result for 妖怪人間ベム(2006)
Error: There is no search result for スパイダーライダーズ ～オラクルの勇者たち～
Error: There is no search result for 味楽る！ミミカ
Error: There is no search result for 戦慄のミラージュポケモン
Error: There is no search result for 忍たま乱太郎 14期
Error: There is no search result for 大魔法峠
Error: There is no search result for 砂沙美☆魔法少女クラブ シーズン2
Error: There is no search result for BLACK LAGOON The Second Barrage
Error: There is no search result for ぷるるんっ！しずくちゃん
Error: There is no search result for 人造昆虫カブトボーグ VxV
Error: There is no search result for Usavich
Error: There is multiple search results for トップをねらえ! 劇場版
Error: There is no search result for ストラトス・フォー アドヴァンス
Error: There is no search result for 撲殺天使ドクロちゃん
Error: There is no search result for 天上天下 ULTIMATE FIGHT
Error: There is no search result for キノの旅 塔の国 -Free Lance-
Error: There is no search result for GIRLSブラボー second season
Error: There is no search result for 魔豆奇伝パンダリアン
Error: There is no search result for こみっくパーティー Revolution
Error: There is no search result for わがまま☆フェアリー ミルモでポン!ちゃあみんぐ
Error: There is no search result for 忍たま乱太郎 13期
Error: There is no search result for カクレンボ
Error: There is no search result for ファイナルファンタジーVII アドベントチルドレン
Error: There is no search result for 銀魂 〜何事も最初が肝心なので多少背伸びするくらいが丁度良い〜
Error: There is no search result for 僕は妹に恋をする
Error: There is no search result for いちご100% オリジナルDVD
Error: There is no search result for ななみちゃん 第2シリーズ
Error: There is multiple search results for リーンの翼
Error: There is no search result for MAJOR 2nd season
Error: There is no search result for ディノブレイカー
Error: There is no search result for スクールランブル 一学期補習
Error: There is no search result for 蒼穹のファフナー RIGHT OF LEFT
Error: There is no search result for 聖闘士星矢 冥王ハーデス冥界編 前章
Error: There is no search result for セイント・ビースト ～幾千の昼と夜 編～
Error: There is multiple search results for フルメタル・パニック! The Second Raid
Error: There is no search result for ルパン三世 天使の策略～夢のカケラは殺しの香り～
Error: There is no search result for 最終兵器彼女 Another love song
Error: There is no search result for ほとり〜たださいわいを希う。〜
Error: There is no search result for シンキング アンド ドローイング 日本の新世紀アート・アニメーション
Error: There is no search result for 星界の戦旗III
Error: There is no search result for ロックマンエグゼ・ビースト
Error: There is no search result for ローゼンメイデン トロイメント
Error: There is no search result for 少女チャングムの夢
Error: There is no search result for 攻殻機動隊 STAND ALONE COMPLEX the Laughing Man
Error: There is no search result for スーパーロボット大戦ORIGINAL GENERATION THE ANIMATION
Error: There is no search result for ゆめりあ
Error: There is no search result for SDガンダムフォース
Error: There is no search result for B-伝説！ バトルビーダマン
Error: There is no search result for おジャ魔女どれみナ・イ・ショ
Error: There is no search result for Wind -a breath of heart- OVA
Error: There is no search result for 機動戦士ガンダムSEED Special Edition
Error: There is no search result for HUNTER×HUNTER G・I Final
Error: There is no search result for HAPPY★LESSON The Final
Error: There is no search result for ストラトス・フォー X シリーズ
Error: There is no search result for コゼットの肖像
Error: There is no search result for GANTZ 〜the 2nd stage〜
Error: There is no search result for アズサ、お手伝いします!
Error: There is no search result for GIRLSブラボー first season
Error: There is no search result for ルパン三世 盗まれたルパン～コピーキャットは真夏の蝶～
Error: There is no search result for マーメイドメロディー ぴちぴちピッチ ピュア
Error: There is no search result for じゃがいぬくん
Error: There is no search result for わがまま☆フェアリーミルモでポン！ わんだほう
Error: There is no search result for 忍たま乱太郎 12期
Error: There is no search result for 夏色の砂時計
Error: There is no search result for ハウルの動く城
Error: There is no search result for トップをねらえ2!
Error: There is no search result for メモリーズオフ3.5 祈りの届く刻…
Error: There is no search result for VIEWTIFUL JOE ビューティフル ジョー
Error: There is no search result for ロックマンエグゼ ストリーム
Error: There is no search result for Legend of DUO
Error: There is no search result for ななみちゃん
Error: There is no search result for サクラ大戦 ル・ヌーヴォー・巴里
Error: There is no search result for カレイドスター 新たなる翼 -EXTRA STAGE-『笑わない すごい お姫様』
Error: There is no search result for ストライクウィッチーズ OVA
Error: There is no search result for MAJOR 3rd season
Error: There is no search result for 銀河鉄道物語～忘れられた時の惑星～
Error: There is no search result for .hack//G.U. Returner
Error: There is no search result for ToHeart2 OVA
Error: There is no search result for MOONLIGHT MILE
Error: There is no search result for 苺ましまろ OVA
Error: There is no search result for 猫ラーメン
Error: There is no search result for ななみちゃん 第4シリーズ
Error: There is no search result for 創星のアクエリオン
Error: There is multiple search results for ICE
Error: There is no search result for '07戦争童話 ふたつの胡桃
Error: There is no search result for ミヨリの森
Error: There is no search result for ポケットモンスター ダイヤモンド・パール「ピカチュウたんけんクラブ」
Error: There is no search result for 撲殺天使ドクロちゃん2
Error: There is no search result for げんしけん2
Error: There is no search result for やっとかめ探偵団
Error: There is no search result for ぷるるんっ！しずくちゃんあはっ☆
Error: There is no search result for 今日から㋮王! R
Error: There is no search result for Usavich Season 2
Error: There is no search result for 装甲騎兵ボトムズ ペールゼン・ファイルズ
Error: There is no search result for ひだまりスケッチ 特別編
Error: There is no search result for カフカ 田舎医者
Error: There is no search result for 東京魔人學園剣風帖 龖 第弐幕
Error: There is no search result for ルパン三世 霧のエリューシヴ
Error: There is no search result for さぁイコー！たまごっち
Error: There is no search result for AYAKASHI
Error: There is no search result for 遙かなる時空の中で3　紅の月
Error: There is no search result for ああっ女神さまっ 闘う翼
Error: There is multiple search results for 英國戀物語エマ 第二幕
Error: There is no search result for スパイダーライダーズ ～よみがえる太陽～
Error: There is no search result for クレヨンしんちゃん 嵐を呼ぶ 歌うケツだけ爆弾!
Error: There is no search result for 忍たま乱太郎 15期
Error: There is no search result for サクラ大戦 ニューヨーク・紐育
Error: There is no search result for KIDDY GRADE -IGNITION-（覚醒編）
Error: There is no search result for DARKER THAN BLACK -黒の契約者- 外伝
Error: There is no search result for 好きです鈴木くん!!
Error: There is no search result for 遙かなる時空の中で3 終わりなき運命
Error: There is no search result for ルパン三世 the Last Job
Error: There is no search result for ヘタリア World Series 第3期
Error: There is no search result for 書家
Error: There is no search result for 忍たま乱太郎 18期
Error: There is no search result for テイルズ オブ シンフォニア THE ANIMATION テセアラ編
Error: There is no search result for 装甲騎兵ボトムズ 幻影篇
Error: There is no search result for 殿といっしょ
Error: There is no search result for MAJOR 6th season
Error: There is no search result for 閃光のナイトレイド
Error: There is no search result for トランスフォーマー アニメイテッド
Error: There is no search result for TRIGUN Badlands Rumble
Error: There is no search result for GA 芸術科アートデザインクラス OVA
Error: There is no search result for “文学少女”メモワールI-夢見る少女の前奏曲（プレリュード）-
Error: There is no search result for 宇宙ショーへようこそ
Error: There is no search result for BLACK LAGOON Roberta’s Blood Trail
Error: There is no search result for 紅 Kurenai OVA
Error: There is no search result for 家庭教師ヒットマンREBORN！ボンゴレ式修学旅行、来る！
Error: There is no search result for ブラック★ロックシューター
Error: There is no search result for もっとTo LOVEる -とらぶる-
Error: There is no search result for たちゅまる
Error: There is no search result for ロビンくんと100人のお友達
Error: There is no search result for カルルとふしぎな塔
Error: There is no search result for “文学少女”メモワールII-ソラ舞う天使の鎮魂曲（レクイエム）-
Error: There is no search result for キメゾーの決まり文句じゃキマらねぇ。
Error: There is no search result for ひだまりスケッチ×☆☆☆ 特別編
Error: There is no search result for ひよ恋
Error: There is no search result for 農業ムスメ！
Error: There is no search result for 食パンミミー
Error: There is no search result for REDLINE
Error: There is no search result for べるぜバブ OAD
Error: There is no search result for オレ様キングダム
Error: There is no search result for “文学少女”メモワールIII-恋する乙女の狂想曲（ラプソディ）-
Error: There is no search result for 怪物王女 OAD
Error: There is no search result for ネリーとセザール
Error: There is no search result for SHIN-MEN
Error: There is no search result for 製品用途擬人化劇場 ピュアスキンジェリー邸の潤わしき人々
Error: There is no search result for たまゆら
Error: There is no search result for TRIP TREK
Error: There is no search result for 眼鏡なカノジョ
Error: There is no search result for エア・ギア 黒の羽と眠りの森 -Break on the sky-
Error: There is no search result for 学校のコワイうわさ 新・花子さんがきた!!
Error: There is no search result for ヘタリア World Series 第4期
Error: There is no search result for ToHeart2 adnext
Error: There is no search result for 劇場版 こわれかけのオルゴール
Error: There is no search result for ブレイク ブレイド 第三章 凶刃ノ痕
Error: There is no search result for 大人女子のアニメタイム「川面を滑る風」
Error: There is no search result for ノラゲキ！
Error: There is no search result for スーパーナチュラル：ザ・アニメーション
Error: There is no search result for 放課後のプレアデス
Error: There is no search result for コイ☆セント
Error: There is no search result for FORTUNE ARTERIAL -赤い約束- OAD
Error: There is no search result for マイの魔法と家庭の日
Error: There is no search result for たんすわらし。
Error: There is no search result for キズナ 一撃
Error: There is no search result for おぢいさんのランプ
Error: There is no search result for 世界一初恋 OAD
Error: There is no search result for Usavich Season 4
Error: There is no search result for 忍たま乱太郎 19期
Error: There is no search result for パッコロリン
Error: There is no search result for 森田さんは無口 OVA
Error: There is no search result for ×××HOLiC・籠 あだゆめ
Error: There is no search result for +チック姉さん
Error: There is no search result for ひぐらしのなく頃に煌
Error: There is no search result for カッコカワイイ宣言！(第2期)
Error: There is no search result for 薄桜鬼 雪華録
Error: There is no search result for 幻想万華鏡 春雪異変の章 ～東方妖々夢より～
Error: There is no search result for 探偵オペラ ミルキィホームズ サマー・スペシャル
Error: There is no search result for テニスの王子様 ANOTHER STORY II～アノトキノボクラ
Error: There is no search result for 戦場のヴァルキュリア3 誰がための銃瘡
Error: There is no search result for かよえ！チュー学
Error: There is no search result for アマガミSS OVA
Error: There is no search result for 戦国BASARA 劇場版 -The Last Party-
Error: There is no search result for 武装神姫 MOON ANGEL
Error: There is no search result for 神のみぞ知るセカイ 4人とアイドル
Error: There is no search result for 僕は友達が少ない 第0話
Error: There is no search result for ひだまりスケッチ×SP
Error: There is multiple search results for ラストエグザイル-銀翼のファム-
Error: There is no search result for フジログ シーズン2
Error: There is no search result for 森田さんは無口。2
Error: There is no search result for デジモンクロスウォーズ 時を駆ける少年ハンターたち
Error: There is no search result for キメゾーの決まり文句じゃキマらねぇ。Featuring サブ男
Error: There is no search result for 機動戦士ガンダムSEED HDリマスター
Error: There is no search result for ルパン三世 血の刻印 ～永遠のmermaid～
Error: There is no search result for 京騒戯画
Error: There is no search result for テイルズ オブ シンフォニア THE ANIMATION 世界統合編
Error: There is no search result for 日本おもしろ昔話
Error: There is no search result for トワノクオン 第五章 双絶の来復
Error: There is no search result for トワノクオン 第六章 永久の久遠
Error: There is no search result for もしドラ
Error: There is no search result for 30歳の保健体育
Error: There is no search result for とっとこハム太郎でちゅ
Error: There is no search result for フジログ
Error: There is no search result for ユルアニ？
Error: There is no search result for デュエル・マスターズ ビクトリー
Error: There is no search result for けんぷファー für die Liebe
Error: There is no search result for 生徒会役員共 OAD
Error: There is no search result for Xi AVANT
Error: There is no search result for 全力ウサギ
Error: There is multiple search results for 俗・さよなら絶望先生
Error: There is no search result for GUNSLINGER GIRL -IL TEATRINO-
Error: There is no search result for MAJOR 4th season
Error: There is no search result for もえがく★5
Error: There is no search result for 聖闘士星矢 冥王ハーデスエリシオン編
Error: There is no search result for 忍たま乱太郎 16期
Error: There is no search result for ToHeart2 ad
Error: There is no search result for 超劇場版ケロロ軍曹3 ケロロ対ケロロ天空大決戦であります!
Error: There is no search result for うちの3姉妹
Error: There is no search result for きらりん☆レボリューション STAGE3
Error: There is no search result for ななみちゃん 第5シリーズ
Error: There is no search result for 魔法遣いに大切なこと～夏のソラ～
Error: There is no search result for ルパン三世 sweet lost night ～魔法のランプは悪夢の予感～
Error: There is no search result for タカネの自転車
Error: There is no search result for CLANNAD もうひとつの世界 智代編
Error: There is no search result for スクールランブル 三学期
Error: There is no search result for 魔法先生ネギま! ～白き翼 ALA ALBA～
Error: There is no search result for らき☆すた OVA
Error: There is no search result for 快盗天使ツインエンジェル
Error: There is no search result for 劇場版 銀魂 〜白夜叉降誕〜 予告篇
Error: There is no search result for 猫ラーメン~俺の醤油味~
Error: There is no search result for ねぎぼうずのあさたろう
Error: There is no search result for のらみみ2
Error: There is no search result for GUNSLINGER GIRL -IL TEATRINO OVA
Error: There is no search result for 東方夢想夏郷
Error: There is no search result for 劇場版 メジャー 友情の一球(ウィニングショット)
Error: There is no search result for 鉄腕バーディー DECODE:02
Error: There is no search result for MAJOR 5th season
Error: There is no search result for 夢をかなえるゾウ
Error: There is no search result for クプ〜!!まめゴマ!
Error: There is no search result for 苺ましまろ encore
Error: There is no search result for とある魔術の禁書目録たん
Error: There is no search result for ×××HOLiC 春夢記
Error: There is no search result for ひぐらしのなく頃に礼
Error: There is no search result for ルパン三世VS名探偵コナン
Error: There is no search result for ハヤテのごとく!! アツがナツいぜ 水着編!
Error: There is no search result for 忍たま乱太郎 17期
Error: There is no search result for レジェンド・オブ・レギオス
Error: There is no search result for グイン・サーガ
Error: There is no search result for 涼宮ハルヒの憂鬱(新)
Error: There is no search result for ToHeart2 adplus
Error: There is no search result for 天上人とアクト人最後の戦い
Error: There is no search result for ぱにぽにだっしゅ! OVA
Error: There is no search result for 異世界の聖機師物語
Error: There is no search result for テニスの王子様 ANOTHER STORY 〜過去と未来のメッセージ
Error: There is no search result for 電波的な彼女
Error: There is no search result for CLANNAD ～AFTER STORY～もうひとつの世界 杏編
Error: There is no search result for 川の光
Error: There is no search result for ななみちゃん 第6シリーズ
Error: There is no search result for Peeping Life -The Perfect Edition-
Error: There is no search result for うたわれるもの OVA
Error: There is no search result for みなみけ べつばら
Error: There is no search result for 懺・さよなら絶望先生
Error: There is no search result for ヘタリア Axis Powers 第2期
Error: There is no search result for アジール・セッション
Error: There is multiple search results for おんたま！
Error: There is no search result for ウチュレイ！
Error: There is no search result for ハガレン4コマ劇場
Error: There is no search result for のだめカンタービレ OAD
Error: There is no search result for 星に願いを -Fantastic Cat-
Error: There is no search result for ジャングル大帝～勇気が未来をかえる～
Error: There is no search result for その花びらにくちづけを 玲緒麻衣だいありぃ
Error: There is no search result for 魔法先生ネギま! ～もうひとつの世界～
Error: There is no search result for ミラクル☆トレイン～大江戸線へようこそ～
Error: There is no search result for WHITE ALBUM Second season
Error: There is no search result for ご姉弟物語
Error: There is no search result for スティッチ！～いたずらエイリアンの大冒険～
Error: There is no search result for まほろまてぃっく特別編 ただいま◆おかえり
Error: There is no search result for 灼眼のシャナS
Error: There is no search result for ひだまりスケッチ×365 特別編
Error: There is no search result for 懺・さよなら絶望先生 番外地
Error: There is no search result for こわれかけのオルゴール
Error: There is no search result for やんやんマチコ
Error: There is no search result for レイトン教授と永遠の歌姫
Error: There is no search result for かげもの
Error: There is no search result for 森田さんは無口 OAD
Error: There is no search result for ぎる亭くら雲 ギルクラ 4コマ劇場
Error: There is no search result for さよなら絶望先生 Blu-ray BOX化記念 完全新作話
Error: There is no search result for ているず おぶ 劇場
Error: There is no search result for ToHeart2 ダンジョントラベラーズ
Error: There is no search result for しらんぷり
Error: There is no search result for るろうに剣心 -明治剣客浪漫譚- 新京都編
Error: There is no search result for Aチャンネル+smile
Error: There is no search result for 猫神やおよろず OVA
Error: There is no search result for 君のいる町～黄昏交差点～
Error: There is no search result for やさしいマーチ -The Tender March-
Error: There is no search result for まりもの花 〜最強武闘派小学生伝説〜
Error: There is no search result for 薄桜鬼 黎明録
Error: There is no search result for うたえメロエッタ リンカのみをさがせ
Error: There is no search result for メロエッタのキラキラリサイタル
Error: There is no search result for コードギアス 反逆のルルーシュ ナナリーinワンダーランド
Error: There is no search result for あくちぇる・わーるど。
Error: There is no search result for リコーダーとランドセル OAD
Error: There is no search result for ポケットモンスター ベストウイッシュ シーズン2
Error: There is no search result for さんかれあ OAD
Error: There is no search result for ワンピース エピソード・オブ・ナミ～航海士の涙と仲間の絆～
Error: There is no search result for 探偵オペラ ミルキィホームズ Alternative ONE 小林オペラと5枚の絵画
Error: There is no search result for 輪廻のラグランジェ 鴨川デイズ
Error: There is no search result for ダンタリアンの書架 荊姫
Error: There is no search result for 侵略!!イカ娘 OAD
Error: There is no search result for にゃんころり ～けんぷろ3姉妹の場合～
Error: There is no search result for たまごっち！ゆめキラドリーム
Error: There is no search result for アクセル・ワールド -銀翼の覚醒-
Error: There is no search result for ごきチャ!!
Error: There is no search result for 僕は友達が少ない あどおんでぃすく
Error: There is no search result for 中二病でも恋がしたい！Lite
Error: There is no search result for お願い!アインツベルン相談室
Error: There is no search result for ルパン三世 東方見聞録～アナザーページ～
Error: There is no search result for 這いよれ! ニャル子さん やさしい敵の仕留め方
Error: There is multiple search results for gdgd妖精s(2)
Error: There is no search result for ぷちます！－プチ・アイドルマスター－
Error: There is no search result for ワンピース エピソード オブ ルフィ～ハンドアイランドの冒険～
Error: There is no search result for Usavich Season 5
Error: There is no search result for 華ヤカ哉、我ガ一族 キネトグラフ
Error: There is no search result for ぬらりひょんの孫 零・涙・雪
Error: There is no search result for スーラジ　ザ・ライジングスター
Error: There is no search result for CØDE:BREAKER OAD
Error: There is no search result for DEPTH OF FIELD ～ 愛と憎しみ劇場
Error: There is no search result for 不肖・秋山優花里の戦車講座
Error: There is no search result for やなせたかしシアター
Error: There is no search result for クイーンズブレイド リベリオン
Error: There is no search result for リコーダーとランドセル レ♪
Error: There is no search result for 新テニスの王子様 OVA
Error: There is no search result for 忍たま乱太郎 20期
Error: There is no search result for 男子高校生の日常 特典映像
Error: There is no search result for 生徒会役員共 OVA
Error: There is no search result for 遊戯王ZEXAL II
Error: There is no search result for 獣旋バトル モンスーノ
Error: There is multiple search results for ヨルムンガンド PERFECT ORDER
Error: There is no search result for バックステージ・アイドル・ストーリー
Error: There is no search result for 生徒会の一存 Lv.2
Error: There is no search result for バイオハザード ダムネーション
Error: There is no search result for THE IDOLM@STER SHINY FESTA
Error: There is no search result for 堀さんと宮村くん
Error: There is no search result for 嘘喰い「廃坑のテロリスト編」
Error: There is no search result for みなみけ おまたせ
Error: There is no search result for 神のみぞ知るセカイ 天理篇
Error: There is no search result for 猫物語(黒)
Error: There is no search result for 探偵オペラ ミルキィホームズ Alternative TWO 小林オペラと虚空の大鴉
Error: There is no search result for 尸兄
Error: There is no search result for AKB0048 next stage
Error: There is no search result for がんばれ！ルルロロ
Error: There is no search result for ヘタリア The Beautiful World
Error: There is no search result for がんばれ！おでんくん
Error: There is no search result for ポケットモンスター ベストウイッシュ シーズン2 エピソードN
Error: There is no search result for 慟哭のナイトメア
Error: There is no search result for よりぬき银魂さんオンシアター2D
Error: There is no search result for カーニバル・ファンタズム Special Season
Error: There is no search result for アクセル・ワールド -加速の頂点-
Error: There is no search result for SKET DANCE OAD
Error: There is no search result for 天保水滸伝NEO
Error: There is no search result for 夕餉（ゆうげ）
Error: There is no search result for 人生ベストテン
Error: There is no search result for どこかではないここ
Error: There is no search result for ぬらりひょんの孫 ー奴良組事始ー
Error: There is no search result for アルカナ・ファミリア -La storia della Arcana Famiglia- La prima festa
Error: There is no search result for ロウきゅーぶ! OAD
Error: There is no search result for どーにゃつ
Error: There is no search result for マジカル☆スター かのん100%
Error: There is no search result for チョコタン!
Error: There is no search result for 島耕作のアジア立志伝
Error: There is no search result for 天使のどろっぷ
Error: There is no search result for コルボッコロ
Error: There is no search result for 踊り子クリノッペ
Error: There is no search result for ワンピース エピソード オブ メリー～もうひとりの仲間の物語～
Error: There is no search result for リトルバスターズ! 番外編
Error: There is no search result for 神様はじめました OAD
Error: There is no search result for 波打際のむろみさん OAD
Error: There is no search result for となりの怪物くん OAD
Error: There is no search result for みなみけ 夏やすみ
Error: There is no search result for マッドボックスゾンビーズ
Error: There is no search result for 弱虫ペダル SPECIAL RIDE
Error: There is no search result for 劇場版 あの日見た花の名前を僕達はまだ知らない。
Error: There is no search result for たまごっち！～みらくるフレンズ～
Error: There is no search result for おしりかじり虫(第2シリーズ)
Error: There is no search result for やはり俺の青春ラブコメはまちがっている。 OVA
Error: There is no search result for ちはやふる OAD
Error: There is no search result for 超神游戏
Error: There is no search result for ルパン三世 princess of the breeze～隠された空中都市～
Error: There is no search result for 陽なたのアオシグレ
Error: There is no search result for ひだまりスケッチ 沙英・ヒロ 卒業編
Error: There is no search result for にゃんころり ～けんぷろ学園～
Error: There is no search result for きょうかいのかなた アイドル裁判! ～迷いながらも君を裁く民～
Error: There is no search result for 夏目友人帳 ニャンコ先生とはじめてのおつかい
Error: There is no search result for ブラッドラッド OAD
Error: There is no search result for 中二病でも恋がしたい！戀 Lite
Error: There is no search result for 進撃の巨人 OAD
Error: There is no search result for うたの☆プリンスさまっ♪ マジLOVE2000%
Error: There is no search result for トレインヒーロー
Error: There is no search result for ガッ活！第2シリーズ
Error: There is no search result for 秘密結社 鷹の爪 MAX
Error: There is no search result for 鉄人28号ガオ！
Error: There is no search result for はいたい七葉(第2期)
Error: There is no search result for ポケットモンスター ベストウイッシュ シーズン2 デコロラアドベンチャー!
Error: There is no search result for 機動戦士ガンダムSEED DESTINY HDリマスター
Error: There is no search result for 忍たま乱太郎 21期
Error: There is no search result for へ〜せいポリスメン!!
Error: There is no search result for ぷちっとがるがんてぃあ
Error: There is no search result for げんしけん二代目
Error: There is no search result for リコーダーとランドセル ミ☆
Error: There is no search result for Go!Go!家電男子
Error: There is no search result for 参乗合体 トランスフォーマーGo!
Error: There is no search result for 問題児たちが異世界から来るそうですよ? OAD
Error: There is multiple search results for 小林が可愛すぎてツライっ!!
Error: There is no search result for 好きっていいなよ。OAD
Error: There is no search result for 革命機ヴァルヴレイヴ 2ndシーズン
Error: There is no search result for 這いよれ! ニャル子さんW Wにさよなら/この温泉に恋の渾沌を
Error: There is no search result for キルミーベイベー OVA
Error: There is no search result for エクスメイデン
Error: There is no search result for 戦国無双SP 真田の章
Error: There is no search result for 未確認で進行形 「見て。あれが私たちの泊まっている旅館よ。」
Error: There is no search result for 未確認で進行形 「鴨肉って緑っぽい味がするのね」
Error: There is no search result for Fate/kaleid liner プリズマ☆イリヤ「運動会 DE ダンス!」
Error: There is no search result for BUDDHA2 手塚治虫のブッダ -終わりなき旅-
Error: There is no search result for よく わかる魔法科!
Error: There is no search result for ノラガミ OAD
Error: There is no search result for ＜物語＞シリーズ セカンドシーズン 「花物語」
Error: There is multiple search results for テラフォーマーズ バグズ2号編
Error: There is no search result for あの夏で待ってる 特別編
Error: There is no search result for アオハライド OAD
Error: There is no search result for ONE PIECE “3D2Y” エースの死を越えて! ルフィ仲間との誓い
Error: There is no search result for バディ・コンプレックス 完結編 -あの空に還る未来で-
Error: There is no search result for がんばれ！ルルロロ(第2シリーズ)
Error: There is no search result for ふうせんいぬティニー
Error: There is no search result for ミス・モノクローム -The Animation- 「MANAGER」
Error: There is no search result for ディーふらぐ! OAD
Error: There is no search result for 翠星のガルガンティア 〜めぐる航路、遥か〜
Error: There is no search result for おにくだいすき！ ゼウシくん 2期
Error: There is no search result for ダイヤのA OAD
Error: There is no search result for LOVE STAGE!! OAD
Error: There is no search result for 告白実行委員会 ヤキモチの答え ショートストーリー
Error: There is no search result for 大怪獣ラッシュ ウルトラフロンティア 2ndシーズン
Error: There is no search result for ミス・モノクローム -The Animation- OVA サッカー篇
Error: There is no search result for あぐかる PLAY WITH IBARAKI編
Error: There is no search result for 攻殻機動隊ARISE border:3 Ghost Tears
Error: There is no search result for ハヤテのごとく! OAD
Error: There is no search result for ねむれ思い子 空のしとねに
Error: There is no search result for たまゆら～もあぐれっしぶ～ OVA
Error: There is no search result for テイルズ オブ ゼスティリア ～導師の夜明け～
Error: There is no search result for 江戸川コナン失踪事件～史上最悪の二日間～
Error: There is multiple search results for ストライクウィッチーズ Operation Victory Arrow
Error: There is no search result for 山田くんと7人の魔女 OAD
Error: There is no search result for 進撃の巨人 悔いなき選択 OAD
Error: There is no search result for ソードアート・オンライン Extra Edition
Error: There is no search result for 攻殻機動隊入門あらいず
Error: There is no search result for めいたんていラスカル
Error: There is no search result for 47都道府犬R
Error: There is no search result for リトルバスターズ! EX
Error: There is no search result for 蟲師 日蝕む翳
Error: There is no search result for チャンネル5.5
Error: There is no search result for となりの関くん OAD
Error: There is no search result for 告白実行委員会 告白予行練習 ショートストーリー
Error: There is no search result for 君のいる町 OAD
Error: There is no search result for テンカイナイト
Error: There is no search result for プリティーリズム・オールスターセレクション
Error: There is no search result for パックワールド
Error: There is no search result for GO‐GO たまごっち！
Error: There is no search result for くつだる。
Error: There is no search result for デュエル・マスターズ VS
Error: There is no search result for 秘密結社 鷹の爪 エクストリーム
Error: There is no search result for 猫のダヤン
Error: There is no search result for Go!Go!家電男子 シーズン2
Error: There is no search result for ポケットモンスター XY特別編 最強メガシンカ～ActIII～
Error: There is no search result for ワールドフールニュース
Error: There is no search result for 史上最強の弟子ケンイチ ～闇の襲撃～
Error: There is no search result for 忍たま乱太郎 22期
Error: There is no search result for ももんず さんどうぃっち
Error: There is no search result for こうしす!
Error: There is no search result for 12歳。
Error: There is no search result for 霧くまs
Error: There is no search result for 毎度！浦安鉄筋家族
Error: There is no search result for 真 ストレンジ・プラス
Error: There is no search result for PSYCHO-PASS サイコパス 新編集版
Error: There is no search result for のんのんびより OAD
Error: There is no search result for RWBY Volume 2
Error: There is no search result for アカ斬る！劇場
Error: There is no search result for ムシブギョー OVA
Error: There is no search result for Fate/stay night [Unlimited Blade Works]
Error: There is no search result for 蟲師 続章(第2期)
Error: There is no search result for カリメロ(2014)
Error: There is no search result for こんな私たちがなりゆきでヒロインになった結果www
Error: There is no search result for 新テニスの王子様 OVA vs Genius10
Error: There is no search result for ニセコイ OAD
Error: There is no search result for 生徒会役員共* OVA
Error: There is no search result for FASTENING DAYS
Error: There is no search result for キュートランスフォーマー 帰ってきたコンボイの謎
Error: There is no search result for 冴えない彼女の育てかた
Error: There is no search result for 血液型くん！2
Error: There is no search result for ジョジョの奇妙な冒険 スターダストクルセイダース エジプト編
Error: There is no search result for アルドノア・ゼロ(第2期)
Error: There is no search result for 美少女戦士セーラームーン Crystal ブラック・ムーン編 (第2期)
Error: There is no search result for 快盗天使ツインエンジェル キュンキュン☆ときめきパラダイス!! OVA
Error: There is no search result for ウィッチクラフトワークス OAD
Error: There is no search result for 鬼灯の冷徹 OAD
Error: There is no search result for DIABOLIK LOVERS OAD
Error: There is no search result for Angel Beats! Hell's Kitchen
Error: There is no search result for Tout en haut du monde
Error: There is no search result for 忍たま乱太郎 23期
Error: There is multiple search results for ハイキュー!! リエーフ見参!
Error: There is no search result for 棺姫のチャイカ OVA
Error: There is no search result for グッド・モーニング!!!ドロンジョ
Error: There is no search result for ロボットガールズZプラス
Error: There is no search result for デュラララ!!×2 承 私の心は鍋模様
Error: There is no search result for たまゆら～卒業写真～
Error: There is no search result for 四月は君の嘘 OAD
Error: There is no search result for 這いよれ! ニャル子さんF
Error: There is no search result for ゆるゆり なちゅやちゅみ！＋
Error: There is no search result for ワンピース エピソード オブ サボ～3兄弟の絆 奇跡の再会と受け継がれる意思～
Error: There is no search result for 神様はじめました～過去編～
Error: There is no search result for オシリスの天秤
Error: There is multiple search results for アイカツ！ミュージックアワード みんなで賞をもらっちゃいまSHOW！
Error: There is no search result for ぷれぷれぷれあです
Error: There is no search result for ふうせんいぬティニー(第2シリーズ)
Error: There is no search result for 暁のヨナ OAD
Error: There is no search result for ミニはま
Error: There is no search result for 想いのかけら
Error: There is no search result for デュラララ!!×2 転 お惚気チャカポコ
Error: There is no search result for ストライク・ザ・ブラッド ヴァルキュリアの王国篇
Error: There is no search result for サイボーグ009VSデビルマン
Error: There is no search result for こども刑事めめたん
Error: There is no search result for 弱酸性ミリオンアーサー
Error: There is no search result for ノラガミ ARAGOTO OAD
Error: There is no search result for 时光诡域
Error: There is no search result for ワンピース～アドベンチャー オブ ネブランディア～
Error: There is no search result for ワンパンマン OVA
Error: There is no search result for 普通の女子校生が【ろこどる】やってみた。 OVA
Error: There is no search result for プリパラ 2nd season
Error: There is no search result for うたの☆プリンスさまっ♪ マジLOVEレボリューションズ
Error: There is multiple search results for てーきゅう(第4期)
Error: There is no search result for 秘密結社 鷹の爪 DO
Error: There is no search result for たまごっち！たまともだいしゅーGO
Error: There is no search result for Usavich ZERO
Error: There is no search result for パンパカパンツ おNEW！
Error: There is no search result for オオカミ少女と黒王子 OAD
Error: There is no search result for シリーズ おともだち
Error: There is no search result for ヘタリア The World Twinkle
Error: There is no search result for デュラララ!!×2 転
Error: There is no search result for 暗闇三太
Error: There is no search result for キュートランスフォーマー さらなる人気者への道
Error: There is no search result for アイドルマスター シンデレラガールズ 2nd SEASON
Error: There is no search result for ナルどマ
Error: There is no search result for 咲日和 OAD
Error: There is no search result for Fate/kaleid liner プリズマ☆イリヤ ツヴァイ! OAD
Error: There is no search result for 金夜、安部礼司～平均的なサラリーマンの異常な日常～
Error: There is no search result for 12歳。 第2期
Error: There is no search result for 告白実行委員会  今好きになる。ショートストーリー
Error: There is no search result for かな～でぃあんファミリーズ
Error: There is no search result for ルパン三世(2015)
Error: There is no search result for ミス・モノクローム -The Animation- 3
Error: There is no search result for K RETURN OF KINGS
Error: There is no search result for どうしても干支にはいりたい
Error: There is no search result for どちゃもん じゅにあ
Error: There is no search result for おしりかじり虫(第4シリーズ)
Error: There is no search result for 猫なんかよんでもこない。
Error: There is no search result for 干物妹!うまるちゃん OAD
Error: There is no search result for 創勢のアクエリオンEVOL
Error: There is no search result for ビッグオーダー OAD
Error: There is no search result for 猫のダヤン　日本へ行く
Error: There is no search result for RWBY Volume 3
Error: There is no search result for 長門有希ちゃんの消失 OAD
Error: There is no search result for コードギアス 亡国のアキト 最終章「愛シキモノタチヘ」
Error: There is no search result for おにくだいすき！ ゼウシくん 「すてきなハンバーグ」
Error: There is no search result for 英国一家、日本を食べる-正月スペシャル「英国一家、正月を食べる」-
Error: There is no search result for デュラララ!!×2 結
Error: There is no search result for 暦物語
Error: There is no search result for GATE 自衛隊 彼の地にて、斯く戦えり(第2クール)
Error: There is no search result for 大家さんは思春期！
Error: There is no search result for がんばれ！ルルロロ(第3シリーズ)
Error: There is no search result for ルパン三世 イタリアン・ゲーム
Error: There is no search result for 赤髪の白雪姫 OAD
Error: There is no search result for こちら葛飾区亀有公園前派出所～THE FINAL 両津勘吉最後の日～
Error: There is no search result for PERSONA5 the Animation -THE DAY BREAKERS-
Error: There is no search result for 虹色デイズ OAD
Error: There is no search result for 魔法使いの嫁 星待つひと
Error: There is no search result for 食戟のソーマ OAD
Error: There is no search result for 終わりのセラフ OVA
Error: There is no search result for つばさとホタル
Error: There is no search result for アルスラーン戦記 OAD
Error: There is no search result for 亜人 OAD
Error: There is no search result for アッカァくんのACCA講座
Error: There is no search result for 天地無用! 魎皇鬼 第四期
Error: There is no search result for Fate/Grand Order ‐First Order‐
Error: There is no search result for GRAVITY DAZE The Animation ～Ouverture～
Error: There is no search result for おそ松さん おうまでこばなし
Error: There is no search result for 神様はじめました「神様、幸せになる」
Error: There is no search result for 名探偵コナン エピソード“ONE” 小さくなった名探偵
Error: There is no search result for 神撃のバハムート GENESIS Short Story
Error: There is no search result for ダンジョンに出会いを求めるのは間違っているだろうか OVA
Error: There is no search result for RS計画 -Rebirth Storage-
Error: There is no search result for 田中くんはいつもけだるげ 特典アニメ
Error: There is no search result for Re:プチから始める異世界生活
Error: There is no search result for この素晴らしい世界に祝福を！ OAD
Error: There is no search result for いっぽう日本昔ばなし
Error: There is no search result for 血界戦線 王様のレストランの王様
Error: There is no search result for ガンダムビルドファイターズトライ アイランド・ウォーズ
Error: There is no search result for 銀魂 愛染香篇
Error: There is no search result for モンスターストライク 第2クール
Error: There is no search result for 勇者大冒险 第二季
Error: There is no search result for ドラえもん 新・のび太の日本誕生
Error: There is no search result for 風の又三郎
Error: There is no search result for ふらいんぐうぃっち ぷち
Error: There is no search result for 奇魂侍
Error: There is no search result for 少女たちは荒野を目指す OVA
Error: There is no search result for ソウルワーカー
Error: There is no search result for うしおととら(TVシリーズ・第3クール)
Error: There is no search result for コンクリート・レボルティオ～超人幻想～ THE LAST SONG
Error: There is no search result for ニンジャスレイヤー フロムアニメイシヨン(スペシャル・エディシヨン版)
Error: There is no search result for プリパラ 3rdシーズン
Error: There is no search result for 秘密結社 鷹の爪 GT
Error: There is no search result for わしも-wasimo-(第4シリーズ)
Error: There is no search result for 忍たま乱太郎 24期
Error: There is no search result for Re:ゼロから始める休憩時間
Error: There is no search result for パンパカパンツ WおNEW！
Error: There is no search result for 政宗ダテニクル
Error: There is no search result for 田中くんは今日もけだるげ
Error: There is no search result for 猫も、オンダケ
Error: There is no search result for 暗殺教室 第2期 課外授業編
Error: There is no search result for ぐらP&ろで夫(第2シーズン)
Error: There is no search result for ももくり
Error: There is multiple search results for ダンガンロンパ3-The End of 希望ヶ峰学園-未来編
Error: There is no search result for ワンピース ～ハートオブ ゴールド～
Error: There is no search result for スタミュ OVA
Error: There is no search result for デュラララ!!×2 結 デュフフフ!!
Error: There is no search result for タマ＆フレンズ　～うちのタマ知りませんか？～
Error: There is no search result for オーバーロード OAD
Error: There is no search result for ブブキ・ブランキ 星の巨人
Error: There is no search result for 機動戦士ガンダム 鉄血のオルフェンズ(第2期)
Error: There is no search result for ペペペペン議員
Error: There is no search result for ルガーコード1951
Error: There is no search result for 文豪ストレイドッグス(第2クール)
Error: There is no search result for 猫のダヤン ふしぎ劇場
Error: There is no search result for ガールフレンド(♪)
Error: There is no search result for 君临臣下
Error: There is no search result for GJ8マン
Error: There is no search result for RWBY Volume 4
Error: There is no search result for やはり俺の青春ラブコメはまちがっている。続 OVA
Error: There is no search result for キラキラ☆プリキュアアラモード
Error: There is no search result for 劇場版 トリニティセブン -悠久図書館と錬金術少女-
Error: There is no search result for 宇宙戦艦ヤマト2202 愛の戦士たち 第一章
Error: There is no search result for 恋するシロクマ
Error: There is no search result for 夢王国と眠れる100人の王子様 ショート
Error: There is no search result for 機動戦士ガンダム サンダーボルト 第2シーズン
Error: There is no search result for Caribadix
Error: There is no search result for RWBY Chibi Season 2
Error: There is no search result for ブレイブウィッチーズ ペテルブルグ大戦略
Error: There is no search result for 宇宙戦艦ヤマト2202 愛の戦士たち 第二章
Error: There is no search result for 終物語 第2期
Error: There is no search result for 直感×アルゴリズム♪
Error: There is no search result for ONE PIECE エピソードオブ東の海～ルフィと4人の仲間の大冒険!!～
Error: There is no search result for ガンダムビルドファイターズ GMの逆襲
Error: There is no search result for カードキャプターさくら クリアカード編 プロローグ さくらとふたつのくま
Error: There is no search result for UQ HOLDER!～魔法先生ネギま！2～ OAD
Error: There is no search result for エスカクロン
Error: There is no search result for イナズマデリバリー 同業者アタック編
Error: There is no search result for 進撃の巨人 LOST GIRLS
Error: There is no search result for Fate/Grand Order -MOONLIGHT/LOSTROOM-
Error: There is no search result for Thunderbolt Fantasy 生死一劍
Error: There is no search result for 探偵オペラ ミルキィホームズ ファンファンパーリーナイト♪ ～ケンとジャネットの贈り物～
Error: There is multiple search results for クズの本懐
Error: There is no search result for SPIRITPACT
Error: There is no search result for スーパーダンガンロンパ2.5 狛枝凪斗と世界の破壊者
Error: There is no search result for ようじょしぇんき
Error: There is no search result for ちぇいん黒にくる!!
Error: There is no search result for SUPER LOVERS OAD
Error: There is no search result for がん がん がんこちゃん
Error: There is no search result for 戦隊ヒーロー スキヤキフォース -ぐんまの平和を願うシーズン-
Error: There is no search result for おしえて! ギャル子ちゃん OAD
Error: There is no search result for RWBY VOLUME1-3: The Beginning
Error: There is no search result for アクションヒロイン チアフルーツ
Error: There is no search result for カイトアンサ
Error: There is no search result for ノラと皇女と野良猫ハート
Error: There is no search result for SHADOW OF LAFFANDOR ラファンドール国物語
Error: There is no search result for 武蔵くんと村山さんは付き合ってみた。
Error: There is no search result for ユラユラすいぞくかん
Error: There is no search result for ハイスクール・フリート OVA
Error: There is no search result for GRANBLUE FANTASY The Animation
Error: There is no search result for リルリルフェアリル～魔法の鏡～
Error: There is no search result for デュエル・マスターズ(2017)
Error: There is no search result for わしも-wasimo-(第5シリーズ)
Error: There is no search result for ベルセルク(第2期)
Error: There is no search result for ねこねこ日本史(第2シリーズ)
Error: There is no search result for アイカツスターズ! 2年目
Error: There is no search result for かみさまみならい ヒミツのここたま 第2シリーズ
Error: There is no search result for 兄に付ける薬はない！-快把我哥帯走-
Error: There is no search result for あはれ！名作くん(第2期)
Error: There is no search result for 忍たま乱太郎 25期
Error: There is no search result for モンスターストライク セカンドシーズン
Error: There is no search result for パンパカパンツ おNEWさん
Error: There is no search result for 青の祓魔師 OAD
Error: There is no search result for ワールドフールニュース PARTII
Error: There is no search result for 攻殻機動隊 新劇場版 VIRTUAL REALITY DIVER
Error: There is no search result for Dies irae
Error: There is no search result for ディアホライゾン(被)
Error: There is no search result for モンスターストライク セカンドシーズン 消えゆく宇宙編
Error: There is no search result for 宇宙戦艦ヤマト2202 愛の戦士たち 第三章
Error: There is no search result for ヤマノススメ おもいでプレゼント
Error: There is no search result for RWBY Volume 5
Error: There is no search result for 今日もツノがある
Error: There is no search result for 喂，看见耳朵啦 第二季
Error: There is no search result for 『DOUBLE DECKER! ダグ＆キリル』EXTRA
Error: There is no search result for 宇宙戦艦ヤマト2202 愛の戦士たち 第七章
Error: There is no search result for グリザイア：ファントムトリガー THE ANIMATIION 01/02
Error: There is no search result for PSYCHO-PASS サイコパス Sinners of the System Case.3 恩讐の彼方に＿＿
Error: There is no search result for おとなの防具屋さん（裏面）
Error: There is no search result for アグレッシブ烈子 シーズン2
Error: There is no search result for Fate/kaleid liner プリズマ☆イリヤ プリズマ☆ファンタズム
Error: There is no search result for こんぷれっくす×コンプレックス
Error: There is no search result for カードファイト!! ヴァンガード(新右衛門編)
Error: There is no search result for 兄に付ける薬はない！3-快把我哥帯走3-
Error: There is no search result for HERO≠MASK Part Ⅱ
Error: There is no search result for ニンジャボックス
Error: There is no search result for ゼノンザード THE ANIMATION
Error: There is no search result for ご注文はうさぎですか？？～Sing For You～
Error: There is no search result for モブサイコ100 第一回霊とか相談所慰安旅行～ココロ満たす癒やしの旅～
Error: There is no search result for 超次元ゲイム ネプテューヌ ～ねぷのなつやすみ2019～
Error: There is no search result for まじもじるるも 完結編
Error: There is no search result for 転生したらスライムだった件 OAD
Error: There is no search result for 天気の子
Error: There is no search result for ケンガンアシュラ Part 2
Error: There is no search result for ルパン三世 プリズン・オブ・ザ・パスト
Error: There is no search result for 嫌な顔されながらおパンツ見せてもらいたい２
Error: There is no search result for 虚構推理 のミニアニメ
Error: There is no search result for RWBY Volume 7
Error: There is no search result for 劇場版 コルボッコロ
Error: There is no search result for HUMAN LOST 人間失格
Error: There is no search result for RWBY Volume 8
Error: There is no search result for 探偵オペラ ミルキィホームズ サイコの挨拶
Error: There is no search result for ぷそ煮コミ
Error: There is no search result for ピアノの森(TVシリーズ 第2シリーズ)
Error: There is no search result for 真夜中のボイトレ男子
Error: There is no search result for ルパン三世 グッバイ・パートナー
Error: There is no search result for 一騎当千 Western Wolves
Error: There is no search result for 叛逆性ミリオンアーサー(第2シーズン)
Error: There is no search result for 文豪ストレイドッグス(第3シーズン)
Error: There is no search result for ワンパンマン(第2期)
Error: There is no search result for けだまのゴンじろー
Error: There is no search result for わしも-wasimo-(第7シリーズ)
Error: There is multiple search results for BAKUMATSUクライシス
Error: There is no search result for ねこねこ日本史(第4シリーズ)
Error: There is no search result for あはれ！名作くん(第4期)
Error: There is no search result for ポプテピピック TVスペシャル
Error: There is no search result for 進撃の巨人 Season3 Part.2
Error: There is no search result for 战斗吧歌姬！ 第二季
Error: There is no search result for ベイブレードバースト ガチ
Error: There is no search result for ハイスコアガールII
Error: There is no search result for Fairy gone フェアリーゴーン(第2クール)
Error: There is no search result for この音とまれ！(第2クール)
Error: There is no search result for ガンダムビルドダイバーズRe:RISE
Error: There is no search result for ニンジャボックス
Error: There is multiple search results for BLACKFOX
Error: There is no search result for Thunderbolt Fantasy 西幽玹歌
Error: There is no search result for 天地無用! 魎皇鬼 第五期
Error: There is no search result for カードファイト!! ヴァンガード外伝 イフ-if-
Error: There is no search result for ACCA13区監察課 Regards
Error: There is no search result for 恐竜少女ガウ子 シーズン2
Error: There is no search result for 岸辺露伴は動かない OVA
Error: There is no search result for 本好きの下剋上 司書になるためには手段を選んでいられません 外伝
Error: There is no search result for Re:ゼロから始める異世界生活 新編集版
Error: There is no search result for 聖闘士星矢: Knights of the Zodiac パート2
Error: There is no search result for ハイキュー!! 陸 VS 空
Error: There is no search result for ダンジョンに出会いを求めるのは間違っているだろうかⅡ OVA
Error: There is no search result for ステイングベイビーズ
Error: There is no search result for ソードアート・オンライン アリシゼーション War of Underworld -THE LAST SEASON-
Error: There is no search result for ノー・ガンズ・ライフ(第2期)
Error: There is no search result for Re:ゼロから始める異世界生活 2nd season
Error: There is no search result for バキ 大擂台賽編
Error: There is no search result for BanG Dream! ガルパ☆ピコ～大盛り～
Error: There is no search result for 耐え子の日常(第二期)
Error: There is no search result for 僕のヒーローアカデミアOVA 生き残れ！決死のサバイバル訓練
Error: There is no search result for おちゃめなシモン(第2シリーズ)
Error: There is no search result for 鬼滅の刃 浅草編
Error: There is no search result for 鬼滅の刃 鼓屋敷編
Error: There is no search result for 鬼滅の刃 柱合会議・蝶屋敷編
Error: There is no search result for ぜつめつきぐしゅんっ。
Error: There is no search result for アーヤと魔女
Error: There is no search result for 本好きの下剋上 司書になるためには手段を選んでいられません 第二部
Error: There is no search result for ガンダムビルドダイバーズRe:RISE 2nd Season
Error: There is no search result for アサティール 未来の昔ばなし
Error: There is no search result for ねこねこ日本史 第5シリーズ
Error: There is no search result for ベイブレードバースト スパーキング
Error: There is no search result for ハイキュー!! TO THE TOP(第2クール)
Error: There is no search result for 兄に付ける薬はない！4-快把我哥帯走4-
Error: There is no search result for あはれ！名作くん(第5期)
Error: There is no search result for 超次元ゲイム ネプテューヌ Hi☆Light
Error: There is no search result for 鬼滅の刃 兄妹の絆
Error: There is no search result for 鬼滅の刃 那田蜘蛛山編
Error: There is no search result for がん がん がんこちゃん(第2シリーズ)
Error: There is no search result for RWBY Chibi Season 3
Error: There is no search result for キャラとおたまじゃくし島
Error: There is no search result for 新妹魔王の契約者 DEPARTURES
Error: There is no search result for モブサイコ100 REIGEN ～知られざる奇跡の霊能力者～
Error: There is no search result for ReLIFE 完結編
Error: There is multiple search results for TO BE HEROINE
Error: There is no search result for 宇宙戦艦ヤマト2202 愛の戦士たち 第五章
Error: There is no search result for コードギアス 反逆のルルーシュ III 皇道
Error: There is no search result for ソードガイ The Animation PartⅡ
Error: There is no search result for ワンピース エピソードオブ 空島
Error: There is no search result for テニスの王子様 BEST GAMES!!
Error: There is no search result for 劇場版 若おかみは小学生!
Error: There is no search result for PERSONA5 the Animation Dark Sun…
Error: There is no search result for 宇宙戦艦ヤマト2202 愛の戦士たち 第六章
Error: There is no search result for 探偵オペラ ミルキィホームズ アルセーヌ 華麗なる欲望
Error: There is no search result for まめねこ
Error: There is no search result for 一人之下 the outcast 羅天大醮篇
Error: There is no search result for ポチっと発明 ピカちんキット
Error: There is no search result for 银之守墓人 第二季
Error: There is no search result for 戦隊ヒーロー スキヤキフォース - ぐんまの平和を願うシーズン え、また？ -
Error: There is no search result for 宇宙戦艦ヤマト2202 愛の戦士たち 第四章
Error: There is no search result for 劇場版 マジンガーZ / INFINITY
Error: There is no search result for ぷれぷれぷれあです2
Error: There is no search result for デュエル・マスターズ！
Error: There is no search result for 鬼灯の冷徹 第弐期その弐
Error: There is no search result for 食戟のソーマ 餐ノ皿 遠月列車篇
Error: There is no search result for 魔法少女 俺
Error: There is no search result for 銀河英雄伝説 Die Neue These 邂逅
Error: There is no search result for ルパン三世 PART5
Error: There is no search result for わしも-wasimo-(第6シリーズ)
Error: There is no search result for ねこねこ日本史(第3シリーズ)
Error: There is no search result for あはれ！名作くん(第3期)
Error: There is no search result for 黒猫モンロヲ
Error: There is no search result for ニンジャバットマン
Error: There is multiple search results for ISLAND
Error: There is no search result for 銀魂. (銀ノ魂篇 後半戦)
Error: There is no search result for 兄に付ける薬はない！2 -快把我哥帯走2-
Error: There is no search result for ているず おぶ ざ れいず 劇場
Error: There is no search result for ネコぱら OVA Extra 仔ネコの日の約束
Error: There is no search result for 岸辺露伴は動かない「六壁坂」
Error: There is multiple search results for ザ・アイドルK
Error: There is no search result for ぷれぷれぷれあです3
Error: There is no search result for オコジョとヤマネ
Error: There is no search result for RErideD -刻越えのデリダ-
Error: There is no search result for 爆釣バーハンター
Error: There is no search result for 蒼天の拳 REGENESIS(第2期)
Error: There is no search result for せいぜいがんばれ！魔法少女くるみ 2期
Error: There is no search result for 宇宙戦艦ヤマト2202 愛の戦士たち
Error: There is no search result for RWBY Volume 6
Error: There is no search result for 幽☆遊☆白書 完全新作アニメーション
Error: There is no search result for 鬼滅の刃 中高一貫!! キメツ学園物語
Error: There is no search result for わしも-wasimo-(第9シリーズ)
Error: There is no search result for パワフルプロ野球 パワフル高校編
Error: There is no search result for かぐや様は告らせたい？～天才たちの恋愛頭脳戦～ OVA
Error: There is no search result for 月曜日のたわわ2
Error: There is no search result for planetarian～雪圏球～
Error: There is no search result for 攻殻機動隊 SAC_2045 持続可能戦争
Error: There is no search result for 戦乙女の食卓II
Error: There is no search result for 転生したらスライムだった件 第2期 第2部
Error: There is no search result for 魔法科高校の劣等生 追憶編
Error: There is no search result for ロード・エルメロイⅡ世の事件簿 -魔眼蒐集列車 特別編
Error: There is no search result for 空色ユーティリティ
Error: There is no search result for 憂国のモリアーティ(2クール目)
Error: There is no search result for フルーツバスケット The Final
Error: There is no search result for ベイブレードバースト ダイナマイトバトル
Error: There is no search result for ダンジョンに出会いを求めるのは間違っているだろうかⅢ OVA
Error: There is no search result for Re:ゼロから始める異世界生活 2nd season 後半クール
Error: There is no search result for 乙女ゲームの破滅フラグしかない悪役令嬢に転生してしまった… OAD
Error: There is no search result for 無職転生～異世界行ったら本気だす～(第2クール)
Error: There is no search result for 86-エイティシックス-(第2クール)
Error: There is no search result for カードファイト!! ヴァンガード overDress Season2
Error: There is no search result for 半妖の夜叉姫 弐の章
Error: There is no search result for 海賊王女
Error: There is no search result for ヴァイオレット・エヴァーガーデン特別編集版
Error: There is no search result for 現実主義勇者の王国再建記 第二部
Error: There is no search result for お昼のショッカーさん
Error: There is no search result for 進撃の巨人 The Final Season Part.2
Error: There is no search result for ヴァニタスの手記 (第2クール)
Error: There is no search result for 鹿の王 ユナと約束の旅
Error: There is no search result for ストライク・ザ・ブラッドFINAL
Error: There is no search result for とつくにの少女
Error: There is no search result for 攻殻機動隊 SAC_2045 シーズン2
Error: There is no search result for 僕のヒーローアカデミア 笑え！地獄のように
Error: There is no search result for 僕のヒーローアカデミア HLB
Error: There is no search result for D4DJ Double Mix
Error: There is no search result for BASTARD!! -暗黒の破壊神- 第2クール
Error: There is no search result for 万聖街
Error: There is no search result for 魔道祖師 完結編
Error: There is no search result for トニカクカワイイ ～制服～
Error: There is no search result for 銀河英雄伝説 Die Neue These 策謀 第3章
Error: There is multiple search results for ラブライブ！虹ヶ咲学園スクールアイドル同好会(第2期)
Error: There is no search result for 本好きの下剋上 司書になるためには手段を選んでいられません(第3期)
Error: There is no search result for 古見さんは、コミュ症です。(第2期)
Error: There is no search result for キャップ革命 ボトルマンDX
Error: There is no search result for 憂国のモリアーティ～百合の追憶～
Error: There is no search result for 境界戦機 第二部
Error: There is no search result for 名探偵コナン 本庁の刑事恋物語～結婚前夜～
Error: There is no search result for オリエント(第2クール)
Error: There is no search result for うたの☆プリンスさまっ♪ マジLOVEスターリッシュツアーズ 〜旅の始まり〜
Error: There is no search result for ジョジョの奇妙な冒険 ストーンオーシャン(第2クール)
Error: There is no search result for SPY×FAMILY(第2クール)
Error: There is no search result for シルバニアファミリー フレアのハッピーダイアリー
Error: There is no search result for マブラヴ オルタネイティヴ 第二期
Error: There is no search result for アイドリッシュセブン Third BEAT!(第2クール)
Error: There is no search result for 銀河英雄伝説 Die Neue These 策謀 第2章
