Info: infer 机动战士高达GQuuuuuuX -> 机动战士高达 GQuuuuuuX (id: 526816)
Info: infer LAZARUS -> 拉撒路 (id: 446296)
Info: infer 启示录酒店 -> 末日后酒店 (id: 509986)
Info: infer 月出之战 -> 月出之战 (id: 386728)
Info: infer MIRU 我们的未来 -> MIRU 我们的未来 (id: 442128)
Info: infer 时光流逝 饭菜依旧美味 -> 时光流逝，饭菜依旧美味 (id: 531159)
Info: infer 古典之星 -> 古典乐★之星 (id: 502036)
Info: infer 公主专场管弦乐 -> 公主的管弦乐团 (id: 499169)
Info: infer 前桥魔女 -> 前桥魔女 (id: 511207)
Info: infer 秘密的偶像公主 RING篇 -> 秘密的偶像公主 RING篇 (id: 524365)
Info: infer 莉可丽丝 朋友是时间小偷 -> 莉可丽丝 朋友是时间小偷。 (id: 504950)
Info: infer 黑执事 第5期 绿魔女篇 -> 黑执事 -绿之魔女篇- (id: 502875)
Info: infer 搞笑漫画日和 第5期 -> 搞笑漫画日和GO (id: 526567)
Info: infer 炎炎消防队 第3期 Part.1 -> 炎炎消防队 三之章 (id: 382126)
Info: infer 战队大失格 第2期 -> 战队大失格 第二季 (id: 501919)
Info: infer 防风铃 / 防风少年 第2期 -> 防风少年 第二季 (id: 501626)
Info: infer 测不准的阿波连同学 第2期 -> 测不准的阿波连同学 第二季 (id: 506922)
Info: infer 赛马娘 芦毛灰姑娘 Part.1 -> 赛马娘 芦毛灰姑娘 (id: 509297)
Info: infer 三岁开始做王者 -> 终末起点 (id: 520559)
Info: infer 魔女与使魔 -> 魔女与使魔 (id: 506672)
Info: infer 外星人沐沐 -> 外星人姆姆 (id: 526043)
Info: infer 忍者与杀手二人组的日常生活 -> 忍者与杀手二人组的日常生活 (id: 491569)
Info: infer mono女孩 -> mono女孩 (id: 485936)
Info: infer 杂旅 -> 随兴旅-That's Journey- (id: 437593)
Info: infer 阳光马达棒球场 -> 阳光马达棒球场！ (id: 524123)
Info: infer 摇滚乐是淑女的嗜好 -> 摇滚乃是淑女的爱好 (id: 504678)
Info: infer 紫云寺家的孩子们 -> 紫云寺家的兄弟姐妹 (id: 480545)
Info: infer 拜托请穿上 鹰峰同学 -> 拜托请穿上，鹰峰同学 (id: 506407)
Info: infer 快藏起来 玛琪娜同学 -> 快藏起来！玛琪娜同学!! (id: 493813)
Info: infer 爱有些沉重的黑暗精灵从异世界追过来了 -> 爱有些沉重的黑暗精灵从异世界追过来了 (id: 511264)
Info: infer 九龙大众浪漫 -> 九龙大众浪漫 (id: 518090)
Info: infer 中禅寺老师的灵怪讲义实录 -> 中禅寺老师的灵怪讲义实录 老师会把谜题全都解开的。 (id: 516227)
Info: infer 每日男公关 -> 每日男公关 (id: 529078)
Info: infer 想征服世界的小怪兽 ->  (id: 501198)
Info: infer 竹轮战记 用我的可爱侵略地球 -> 竹轮战纪～用我的可爱来侵略地球～ (id: 544872)
Info: infer 海贼王谈恋爱 -> 航海王谈恋爱 (id: 546257)
Info: infer 小市民系列 第2期 -> 小市民系列 第二季 (id: 513018)
Info: infer 再见 地球 第2期 -> 再见，地球 第二季 (id: 512817)
Info: infer 打了300年的史莱姆不知不觉就练到了满级 第2期 -> 打了300年的史莱姆，不知不觉就练到了满级 ～这之后～ (id: 364844)
Info: infer 新 红发少女安妮 -> 安妮·雪莉 (id: 524801)
Info: infer 男女之间存在友情吗(不存在) -> 男女之间的友情存在吗？（不，不存在!!） (id: 395493)
Info: infer 推理要在晚餐后 -> 推理要在晚餐后 (id: 525642)
Info: infer 记忆缝线 YourForma -> 记忆缝线 (id: 445826)
Info: infer 直到某魔女死去 -> 直至魔女消逝 (id: 501702)
Info: infer 鬼人幻灯抄 -> 鬼人幻灯抄 (id: 404753)
Info: infer 神统记 -> 神统记 (id: 488460)
Info: infer 乡下大叔成为剑圣 -> 乡下大叔成为剑圣 (id: 506258)
Info: infer 我是星际国家的恶德领主 -> 我是星际国家的恶德领主！ (id: 520645)
Info: infer 被放逐的天才治愈师转为地下医生的快乐生活 -> 瞬间治疗却被视为无用而被流放的天才治疗师，以暗黑治疗师的身份幸福地生活着 (id: 484402)
Info: infer 使人误解的工房主 -> 干杂活我乃最强～关于原英雄队伍的杂役人员，实际上除了战斗能力外全是SSS的故事～ (id: 520284)
Info: infer 受到猩猩之神庇护的大小姐在皇家骑士团受到宠爱 -> 受到猩猩之神庇护的大小姐在皇家骑士团受到宠爱 (id: 514997)
Info: infer 圣女因太过完美不够可爱而被废除婚约并卖到邻国 -> 圣女因太过完美不够可爱而被废除婚约并卖到邻国 (id: 520672)
Info: infer 夏日口袋 -> 夏日口袋 (id: 363957)
Info: infer 罪恶装备 奋战：两位裁决者 -> 罪恶装备 奋战: 两位裁决者 (id: 499140)
Info: infer #COMPASS 2.0 战斗天赋解析系统 -> #COMPASS2.0 战斗天赋解析系统 (id: 409682)
Info: infer 华Doll* -> 华Doll-Reinterpretation of Flowering- (id: 441888)
Info: infer 新 小浣熊 -> 小浣熊 卡尔卡尔团 (id: 528088)
Info: infer 正能量企鹅 -> 正能量企鹅 (id: 529143)
Info: infer 呜莓猫猫 -> 呜莓猫猫 (id: 534568)
Info: infer 涩谷♥八公 第3期 -> 涩谷♡八 第三部分 (id: 541037)
Info: infer 正义使者 我的英雄学院之非法英雄 -> 正义使者 -我的英雄学院之非法英雄- (id: 529995)
