Error: can not find 月出之战 or MOONRISE
Error: can not find 莉可丽丝 朋友是时间小偷 or リコリス・リコイル Friends are thieves of time.
Error: can not find 新 全力兔子 第2期 or 全力ウサギ シーズン2
Error: can not find 新 剑勇传说 or 真•侍伝 YAIBA
Error: can not find 每日男公关 or EverydayHost
Error: can not find 欢迎来到魔法少女村(非法占据中) or おいでよ 魔法少女村（不法占拠）
Error: can not find 想征服世界的小怪兽 or かいじゅうせかいせいふく
Error: can not find 竹轮战记 用我的可爱侵略地球 or ちくわ戦記～おれのカワイイで地球侵略～
Error: can not find 海贼王谈恋爱 or 恋するワンピース
Error: can not find 你与我最后的战场亦或是世界起始的圣战 第2期 or キミと僕の最後の戦場、あるいは世界が始まる聖戦 Season II
Error: can not find 打了300年的史莱姆不知不觉就练到了满级 第2期 or スライム倒して300年、知らないうちにレベルMAXになってました 〜そのに(2)〜
Error: can not find 罪恶装备 奋战：两位裁决者 or GULTY GEAR STRIVE: DUAL RULERS
Error: can not find 正能量企鹅 or コウペンちゃん
Error: can not find 呜莓猫猫 or ンめねこ
Error: can not find 涩谷♥八公 第3期 or SHIBUYA♡HACHI 第3クール
Error: can not infer calendar bangumi #COMPASS 2.0战斗天赋解析系统
Error: can not infer calendar bangumi 机动战士高达GQuuuuuuX
Error: can not infer calendar bangumi 拜托请穿上鹰峰同学
Error: can not infer calendar bangumi 新 全力兔子第2期
Error: can not infer calendar bangumi 圣女因太过完美被废除婚约卖到邻国
Error: can not infer calendar bangumi 被放逐的天才治愈师转为地下医生
Error: can not infer calendar bangumi 你我战 第2期
Error: can not infer calendar bangumi 男女之间存在友情吗(不存在)
Error: can not infer calendar bangumi 再见 地球第2期
Error: can not infer calendar bangumi 新 剑勇传说
Error: can not infer calendar bangumi 新 红发少女安妮
Error: can not infer calendar bangumi 打史莱姆300年第2期
Error: can not infer calendar bangumi 罪恶装备 奋战两位裁决者
Error: can not infer calendar bangumi 古典之星
Error: can not infer calendar bangumi 时光流逝饭菜依旧美味
Error: can not infer calendar bangumi 公主专场管弦乐
Error: can not infer calendar bangumi 秘密的偶像公主RING篇
Error: can not infer calendar bangumi 赛马娘芦毛灰姑娘
Error: can not infer calendar bangumi 快藏起来玛琪娜同学
Error: can not infer calendar bangumi 海贼王谈恋爱
Error: can not infer calendar bangumi MIRU我们的未来
Error: can not infer calendar bangumi 新 小浣熊
Error: can not infer calendar bangumi 呜莓猫猫
Error: can not infer calendar bangumi 欢迎来到魔法少女村(非法占据中)
Error: can not infer calendar bangumi 每日男公关
Error: can not infer calendar bangumi 想征服世界的小怪兽
Error: can not infer calendar bangumi 涩谷♥八公第3期
Error: can not infer calendar bangumi 正能量企鹅
Error: can not infer calendar bangumi 竹轮战记
Error: can not infer calendar bangumi 月出之战
Error: can not infer calendar bangumi 莉可丽丝短篇
